<?xml version="1.0" encoding="UTF-8"?>
<coverage generated="1697421261229" clover="3.2.0">
  <project timestamp="1697421261229" name="All files">
    <metrics statements="549" coveredstatements="549" conditionals="130" coveredconditionals="125" methods="102" coveredmethods="102" elements="781" coveredelements="776" complexity="0" loc="549" ncloc="549" packages="1" files="9" classes="9"/>
    <file name="CalculationManager.ts" path="/Users/amei/Documents/CS5500/CalcSheetPro/src/Engine/CalculationManager.ts">
      <metrics statements="69" coveredstatements="69" conditionals="8" coveredconditionals="8" methods="6" coveredmethods="6"/>
      <line num="13" count="3" type="stmt"/>
      <line num="14" count="3" type="stmt"/>
      <line num="15" count="3" type="stmt"/>
      <line num="19" count="3" type="stmt"/>
      <line num="29" count="54" type="stmt"/>
      <line num="32" count="54" type="stmt"/>
      <line num="35" count="54" type="stmt"/>
      <line num="38" count="54" type="stmt"/>
      <line num="39" count="846" type="stmt"/>
      <line num="40" count="846" type="stmt"/>
      <line num="42" count="846" type="stmt"/>
      <line num="44" count="846" type="stmt"/>
      <line num="45" count="846" type="stmt"/>
      <line num="48" count="846" type="stmt"/>
      <line num="49" count="846" type="stmt"/>
      <line num="50" count="846" type="stmt"/>
      <line num="69" count="22" type="stmt"/>
      <line num="73" count="22" type="stmt"/>
      <line num="74" count="22" type="stmt"/>
      <line num="76" count="22" type="stmt"/>
      <line num="80" count="22" type="cond" truecount="1" falsecount="0"/>
      <line num="81" count="2" type="stmt"/>
      <line num="85" count="24" type="cond" truecount="1" falsecount="0"/>
      <line num="86" count="5" type="stmt"/>
      <line num="89" count="19" type="stmt"/>
      <line num="90" count="4" type="stmt"/>
      <line num="91" count="4" type="stmt"/>
      <line num="92" count="4" type="stmt"/>
      <line num="93" count="4" type="cond" truecount="1" falsecount="0"/>
      <line num="94" count="3" type="stmt"/>
      <line num="98" count="16" type="stmt"/>
      <line num="102" count="20" type="stmt"/>
      <line num="103" count="20" type="stmt"/>
      <line num="104" count="20" type="stmt"/>
      <line num="105" count="20" type="stmt"/>
      <line num="106" count="20" type="cond" truecount="1" falsecount="0"/>
      <line num="107" count="5" type="stmt"/>
      <line num="110" count="15" type="stmt"/>
      <line num="124" count="62" type="stmt"/>
      <line num="125" count="223" type="stmt"/>
      <line num="126" count="929" type="stmt"/>
      <line num="128" count="929" type="stmt"/>
      <line num="129" count="929" type="stmt"/>
      <line num="132" count="929" type="stmt"/>
      <line num="133" count="929" type="stmt"/>
      <line num="136" count="929" type="stmt"/>
      <line num="156" count="57" type="stmt"/>
      <line num="157" count="57" type="stmt"/>
      <line num="158" count="57" type="stmt"/>
      <line num="162" count="57" type="stmt"/>
      <line num="163" count="207" type="stmt"/>
      <line num="164" count="873" type="stmt"/>
      <line num="165" count="873" type="stmt"/>
      <line num="167" count="873" type="cond" truecount="2" falsecount="0"/>
      <line num="168" count="832" type="stmt"/>
      <line num="171" count="41" type="stmt"/>
      <line num="177" count="57" type="stmt"/>
      <line num="180" count="100" type="stmt"/>
      <line num="181" count="100" type="stmt"/>
      <line num="183" count="100" type="stmt"/>
      <line num="184" count="101" type="stmt"/>
      <line num="185" count="101" type="cond" truecount="1" falsecount="0"/>
      <line num="186" count="59" type="stmt"/>
      <line num="191" count="100" type="cond" truecount="1" falsecount="0"/>
      <line num="192" count="41" type="stmt"/>
      <line num="196" count="57" type="stmt"/>
      <line num="197" count="41" type="stmt"/>
      <line num="198" count="41" type="stmt"/>
      <line num="200" count="57" type="stmt"/>
    </file>
    <file name="Cell.ts" path="/Users/amei/Documents/CS5500/CalcSheetPro/src/Engine/Cell.ts">
      <metrics statements="66" coveredstatements="66" conditionals="9" coveredconditionals="9" methods="20" coveredmethods="20"/>
      <line num="10" count="9" type="stmt"/>
      <line num="11" count="9" type="stmt"/>
      <line num="17" count="3190" type="stmt"/>
      <line num="21" count="3190" type="stmt"/>
      <line num="24" count="3190" type="stmt"/>
      <line num="27" count="3190" type="stmt"/>
      <line num="30" count="3190" type="stmt"/>
      <line num="33" count="3190" type="stmt"/>
      <line num="45" count="3190" type="cond" truecount="2" falsecount="0"/>
      <line num="47" count="1" type="stmt"/>
      <line num="48" count="1" type="stmt"/>
      <line num="49" count="1" type="stmt"/>
      <line num="50" count="1" type="stmt"/>
      <line num="51" count="1" type="stmt"/>
      <line num="55" count="3189" type="stmt"/>
      <line num="56" count="3189" type="stmt"/>
      <line num="57" count="3189" type="stmt"/>
      <line num="58" count="3189" type="stmt"/>
      <line num="59" count="3189" type="stmt"/>
      <line num="70" count="2253" type="stmt"/>
      <line num="80" count="984" type="stmt"/>
      <line num="88" count="1765" type="stmt"/>
      <line num="96" count="369" type="stmt"/>
      <line num="106" count="362" type="stmt"/>
      <line num="116" count="1766" type="stmt"/>
      <line num="126" count="57" type="cond" truecount="3" falsecount="0"/>
      <line num="127" count="22" type="stmt"/>
      <line num="131" count="35" type="cond" truecount="1" falsecount="0"/>
      <line num="132" count="16" type="stmt"/>
      <line num="137" count="19" type="stmt"/>
      <line num="146" count="5" type="stmt"/>
      <line num="156" count="2258" type="stmt"/>
      <line num="166" count="5" type="cond" truecount="1" falsecount="0"/>
      <line num="167" count="4" type="stmt"/>
      <line num="176" count="2" type="stmt"/>
      <line num="177" count="2" type="cond" truecount="1" falsecount="0"/>
      <line num="178" count="1" type="stmt"/>
      <line num="188" count="1048" type="stmt"/>
      <line num="198" count="950" type="stmt"/>
      <line num="214" count="257" type="stmt"/>
      <line num="215" count="257" type="stmt"/>
      <line num="219" count="5733" type="stmt"/>
      <line num="220" count="5733" type="stmt"/>
      <line num="221" count="5733" type="stmt"/>
      <line num="222" count="5733" type="stmt"/>
      <line num="224" count="5733" type="stmt"/>
      <line num="240" count="4391" type="stmt"/>
      <line num="241" count="4391" type="stmt"/>
      <line num="242" count="4391" type="stmt"/>
      <line num="243" count="4391" type="stmt"/>
      <line num="244" count="4391" type="stmt"/>
      <line num="245" count="4391" type="stmt"/>
      <line num="247" count="4391" type="stmt"/>
      <line num="259" count="4391" type="stmt"/>
      <line num="274" count="5734" type="stmt"/>
      <line num="275" count="5734" type="stmt"/>
      <line num="277" count="5734" type="cond" truecount="1" falsecount="0"/>
      <line num="278" count="1" type="stmt"/>
      <line num="280" count="5733" type="stmt"/>
      <line num="281" count="5733" type="stmt"/>
      <line num="283" count="5733" type="stmt"/>
      <line num="299" count="4391" type="stmt"/>
      <line num="306" count="4391" type="stmt"/>
      <line num="308" count="4391" type="stmt"/>
      <line num="309" count="4391" type="stmt"/>
      <line num="315" count="9" type="stmt"/>
    </file>
    <file name="ContributingUser.ts" path="/Users/amei/Documents/CS5500/CalcSheetPro/src/Engine/ContributingUser.ts">
      <metrics statements="10" coveredstatements="10" conditionals="0" coveredconditionals="0" methods="6" coveredmethods="6"/>
      <line num="6" count="3" type="stmt"/>
      <line num="8" count="3" type="stmt"/>
      <line num="11" count="55" type="stmt"/>
      <line num="14" count="55" type="stmt"/>
      <line num="15" count="55" type="stmt"/>
      <line num="19" count="106" type="stmt"/>
      <line num="23" count="88" type="stmt"/>
      <line num="27" count="1" type="stmt"/>
      <line num="31" count="299" type="stmt"/>
      <line num="35" count="259" type="stmt"/>
    </file>
    <file name="DocumentHolder.ts" path="/Users/amei/Documents/CS5500/CalcSheetPro/src/Engine/DocumentHolder.ts">
      <metrics statements="81" coveredstatements="81" conditionals="6" coveredconditionals="5" methods="21" coveredmethods="21"/>
      <line num="25" count="1" type="stmt"/>
      <line num="26" count="1" type="stmt"/>
      <line num="27" count="1" type="stmt"/>
      <line num="30" count="1" type="stmt"/>
      <line num="37" count="23" type="stmt"/>
      <line num="39" count="23" type="stmt"/>
      <line num="41" count="23" type="stmt"/>
      <line num="42" count="23" type="stmt"/>
      <line num="43" count="23" type="stmt"/>
      <line num="47" count="23" type="cond" truecount="1" falsecount="0"/>
      <line num="48" count="1" type="stmt"/>
      <line num="56" count="1" type="stmt"/>
      <line num="58" count="1" type="stmt"/>
      <line num="59" count="4" type="cond" truecount="1" falsecount="0"/>
      <line num="60" count="2" type="stmt"/>
      <line num="66" count="23" type="stmt"/>
      <line num="67" count="23" type="stmt"/>
      <line num="69" count="193" type="stmt"/>
      <line num="70" count="193" type="stmt"/>
      <line num="73" count="193" type="stmt"/>
      <line num="75" count="193" type="stmt"/>
      <line num="82" count="1" type="stmt"/>
      <line num="84" count="1" type="stmt"/>
      <line num="85" count="4" type="cond" truecount="1" falsecount="0"/>
      <line num="86" count="1" type="stmt"/>
      <line num="87" count="1" type="stmt"/>
      <line num="90" count="1" type="stmt"/>
      <line num="92" count="1" type="stmt"/>
      <line num="102" count="49" type="stmt"/>
      <line num="103" count="49" type="cond" truecount="1" falsecount="0"/>
      <line num="104" count="49" type="stmt"/>
      <line num="105" count="49" type="stmt"/>
      <line num="106" count="49" type="stmt"/>
      <line num="122" count="1" type="stmt"/>
      <line num="123" count="1" type="stmt"/>
      <line num="124" count="1" type="stmt"/>
      <line num="128" count="21" type="cond" truecount="1" falsecount="0"/>
      <line num="129" count="1" type="stmt"/>
      <line num="131" count="20" type="stmt"/>
      <line num="132" count="20" type="stmt"/>
      <line num="133" count="20" type="stmt"/>
      <line num="135" count="20" type="stmt"/>
      <line num="136" count="20" type="stmt"/>
      <line num="140" count="30" type="stmt"/>
      <line num="143" count="30" type="stmt"/>
      <line num="145" count="30" type="stmt"/>
      <line num="146" count="30" type="stmt"/>
      <line num="151" count="23" type="stmt"/>
      <line num="153" count="23" type="stmt"/>
      <line num="154" count="23" type="stmt"/>
      <line num="158" count="23" type="stmt"/>
      <line num="160" count="23" type="stmt"/>
      <line num="164" count="16" type="stmt"/>
      <line num="166" count="16" type="stmt"/>
      <line num="167" count="16" type="stmt"/>
      <line num="169" count="16" type="stmt"/>
      <line num="170" count="16" type="stmt"/>
      <line num="176" count="10" type="stmt"/>
      <line num="178" count="10" type="stmt"/>
      <line num="179" count="10" type="stmt"/>
      <line num="181" count="10" type="stmt"/>
      <line num="182" count="10" type="stmt"/>
      <line num="187" count="1" type="stmt"/>
      <line num="189" count="1" type="stmt"/>
      <line num="190" count="1" type="stmt"/>
      <line num="192" count="1" type="stmt"/>
      <line num="193" count="1" type="stmt"/>
      <line num="198" count="2" type="stmt"/>
      <line num="200" count="2" type="stmt"/>
      <line num="201" count="2" type="stmt"/>
      <line num="203" count="2" type="stmt"/>
      <line num="204" count="2" type="stmt"/>
      <line num="209" count="4" type="stmt"/>
      <line num="211" count="4" type="stmt"/>
      <line num="212" count="4" type="stmt"/>
      <line num="217" count="3" type="stmt"/>
      <line num="219" count="3" type="stmt"/>
      <line num="220" count="3" type="stmt"/>
      <line num="225" count="1" type="stmt"/>
      <line num="227" count="1" type="stmt"/>
      <line num="228" count="1" type="stmt"/>
    </file>
    <file name="FormulaBuilder.ts" path="/Users/amei/Documents/CS5500/CalcSheetPro/src/Engine/FormulaBuilder.ts">
      <metrics statements="47" coveredstatements="47" conditionals="28" coveredconditionals="28" methods="7" coveredmethods="7"/>
      <line num="15" count="5" type="stmt"/>
      <line num="17" count="5" type="stmt"/>
      <line num="20" count="296" type="stmt"/>
      <line num="23" count="296" type="stmt"/>
      <line num="33" count="70" type="stmt"/>
      <line num="41" count="118" type="stmt"/>
      <line num="57" count="58" type="stmt"/>
      <line num="58" count="58" type="stmt"/>
      <line num="60" count="58" type="cond" truecount="1" falsecount="0"/>
      <line num="61" count="24" type="stmt"/>
      <line num="62" count="24" type="stmt"/>
      <line num="66" count="34" type="stmt"/>
      <line num="69" count="34" type="cond" truecount="3" falsecount="0"/>
      <line num="70" count="4" type="stmt"/>
      <line num="71" count="4" type="stmt"/>
      <line num="75" count="34" type="cond" truecount="3" falsecount="0"/>
      <line num="76" count="1" type="stmt"/>
      <line num="82" count="34" type="cond" truecount="4" falsecount="0"/>
      <line num="83" count="1" type="stmt"/>
      <line num="84" count="1" type="stmt"/>
      <line num="89" count="34" type="cond" truecount="4" falsecount="0"/>
      <line num="90" count="2" type="stmt"/>
      <line num="91" count="2" type="stmt"/>
      <line num="97" count="34" type="cond" truecount="2" falsecount="0"/>
      <line num="98" count="6" type="stmt"/>
      <line num="100" count="28" type="cond" truecount="2" falsecount="0"/>
      <line num="101" count="26" type="stmt"/>
      <line num="118" count="8" type="cond" truecount="1" falsecount="0"/>
      <line num="119" count="1" type="stmt"/>
      <line num="123" count="7" type="stmt"/>
      <line num="126" count="7" type="cond" truecount="4" falsecount="0"/>
      <line num="127" count="2" type="stmt"/>
      <line num="128" count="2" type="stmt"/>
      <line num="132" count="5" type="stmt"/>
      <line num="148" count="52" type="stmt"/>
      <line num="150" count="52" type="stmt"/>
      <line num="151" count="93" type="stmt"/>
      <line num="154" count="52" type="cond" truecount="1" falsecount="0"/>
      <line num="155" count="44" type="stmt"/>
      <line num="157" count="52" type="stmt"/>
      <line num="167" count="934" type="stmt"/>
      <line num="168" count="934" type="stmt"/>
      <line num="169" count="224" type="stmt"/>
      <line num="173" count="224" type="cond" truecount="3" falsecount="0"/>
      <line num="174" count="67" type="stmt"/>
      <line num="178" count="934" type="stmt"/>
      <line num="183" count="5" type="stmt"/>
    </file>
    <file name="FormulaEvaluator.ts" path="/Users/amei/Documents/CS5500/CalcSheetPro/src/Engine/FormulaEvaluator.ts">
      <metrics statements="84" coveredstatements="84" conditionals="31" coveredconditionals="31" methods="10" coveredmethods="10"/>
      <line num="1" count="4" type="stmt"/>
      <line num="3" count="4" type="stmt"/>
      <line num="7" count="4" type="stmt"/>
      <line num="9" count="295" type="stmt"/>
      <line num="10" count="295" type="stmt"/>
      <line num="11" count="295" type="stmt"/>
      <line num="12" count="295" type="stmt"/>
      <line num="14" count="295" type="stmt"/>
      <line num="18" count="295" type="stmt"/>
      <line num="60" count="865" type="stmt"/>
      <line num="62" count="865" type="stmt"/>
      <line num="65" count="865" type="cond" truecount="1" falsecount="0"/>
      <line num="66" count="774" type="stmt"/>
      <line num="67" count="774" type="stmt"/>
      <line num="68" count="774" type="stmt"/>
      <line num="71" count="91" type="stmt"/>
      <line num="74" count="91" type="stmt"/>
      <line num="77" count="91" type="stmt"/>
      <line num="78" count="91" type="stmt"/>
      <line num="82" count="91" type="cond" truecount="3" falsecount="0"/>
      <line num="83" count="1" type="stmt"/>
      <line num="84" count="1" type="stmt"/>
      <line num="88" count="91" type="cond" truecount="1" falsecount="0"/>
      <line num="89" count="38" type="stmt"/>
      <line num="95" count="865" type="stmt"/>
      <line num="99" count="865" type="stmt"/>
      <line num="108" count="93" type="stmt"/>
      <line num="109" count="93" type="cond" truecount="3" falsecount="0"/>
      <line num="110" count="61" type="stmt"/>
      <line num="111" count="61" type="stmt"/>
      <line num="112" count="61" type="cond" truecount="2" falsecount="0"/>
      <line num="113" count="59" type="stmt"/>
      <line num="116" count="2" type="stmt"/>
      <line num="120" count="93" type="stmt"/>
      <line num="121" count="93" type="stmt"/>
      <line num="130" count="154" type="stmt"/>
      <line num="131" count="154" type="cond" truecount="3" falsecount="0"/>
      <line num="132" count="5" type="stmt"/>
      <line num="133" count="5" type="stmt"/>
      <line num="134" count="5" type="cond" truecount="2" falsecount="0"/>
      <line num="135" count="2" type="stmt"/>
      <line num="138" count="3" type="cond" truecount="1" falsecount="0"/>
      <line num="139" count="1" type="stmt"/>
      <line num="140" count="1" type="stmt"/>
      <line num="141" count="1" type="stmt"/>
      <line num="142" count="1" type="stmt"/>
      <line num="145" count="2" type="stmt"/>
      <line num="149" count="153" type="stmt"/>
      <line num="150" count="153" type="stmt"/>
      <line num="159" count="159" type="stmt"/>
      <line num="163" count="159" type="cond" truecount="1" falsecount="0"/>
      <line num="164" count="21" type="stmt"/>
      <line num="165" count="21" type="stmt"/>
      <line num="166" count="21" type="stmt"/>
      <line num="170" count="138" type="stmt"/>
      <line num="174" count="138" type="cond" truecount="2" falsecount="0"/>
      <line num="175" count="105" type="stmt"/>
      <line num="176" count="105" type="stmt"/>
      <line num="179" count="33" type="cond" truecount="2" falsecount="0"/>
      <line num="180" count="2" type="stmt"/>
      <line num="181" count="2" type="cond" truecount="3" falsecount="0"/>
      <line num="182" count="1" type="stmt"/>
      <line num="183" count="1" type="stmt"/>
      <line num="184" count="1" type="stmt"/>
      <line num="188" count="31" type="cond" truecount="2" falsecount="0"/>
      <line num="189" count="29" type="stmt"/>
      <line num="192" count="29" type="cond" truecount="1" falsecount="0"/>
      <line num="193" count="15" type="stmt"/>
      <line num="194" count="15" type="stmt"/>
      <line num="199" count="2" type="stmt"/>
      <line num="200" count="2" type="stmt"/>
      <line num="202" count="138" type="stmt"/>
      <line num="211" count="138" type="stmt"/>
      <line num="222" count="31" type="stmt"/>
      <line num="235" count="29" type="stmt"/>
      <line num="236" count="29" type="stmt"/>
      <line num="237" count="29" type="stmt"/>
      <line num="240" count="29" type="cond" truecount="3" falsecount="0"/>
      <line num="241" count="3" type="stmt"/>
      <line num="245" count="26" type="cond" truecount="1" falsecount="0"/>
      <line num="246" count="12" type="stmt"/>
      <line num="250" count="14" type="stmt"/>
      <line num="251" count="14" type="stmt"/>
      <line num="258" count="4" type="stmt"/>
    </file>
    <file name="GlobalDefinitions.ts" path="/Users/amei/Documents/CS5500/CalcSheetPro/src/Engine/GlobalDefinitions.ts">
      <metrics statements="2" coveredstatements="2" conditionals="0" coveredconditionals="0" methods="0" coveredmethods="0"/>
      <line num="2" count="9" type="stmt"/>
      <line num="14" count="9" type="stmt"/>
    </file>
    <file name="SheetMemory.ts" path="/Users/amei/Documents/CS5500/CalcSheetPro/src/Engine/SheetMemory.ts">
      <metrics statements="81" coveredstatements="81" conditionals="5" coveredconditionals="5" methods="17" coveredmethods="17"/>
      <line num="28" count="5" type="stmt"/>
      <line num="30" count="5" type="stmt"/>
      <line num="33" count="275" type="stmt"/>
      <line num="35" count="275" type="stmt"/>
      <line num="36" count="275" type="stmt"/>
      <line num="41" count="275" type="stmt"/>
      <line num="42" count="275" type="stmt"/>
      <line num="44" count="275" type="stmt"/>
      <line num="45" count="275" type="stmt"/>
      <line num="46" count="711" type="stmt"/>
      <line num="47" count="711" type="stmt"/>
      <line num="48" count="2256" type="stmt"/>
      <line num="49" count="2256" type="stmt"/>
      <line num="50" count="2256" type="stmt"/>
      <line num="62" count="2235" type="stmt"/>
      <line num="72" count="552" type="stmt"/>
      <line num="81" count="2" type="stmt"/>
      <line num="92" count="105" type="stmt"/>
      <line num="93" count="105" type="stmt"/>
      <line num="103" count="9" type="stmt"/>
      <line num="104" count="9" type="stmt"/>
      <line num="114" count="105" type="stmt"/>
      <line num="124" count="7" type="stmt"/>
      <line num="140" count="3072" type="stmt"/>
      <line num="142" count="3072" type="stmt"/>
      <line num="152" count="2651" type="stmt"/>
      <line num="153" count="2651" type="stmt"/>
      <line num="163" count="1" type="stmt"/>
      <line num="173" count="1" type="stmt"/>
      <line num="174" count="1" type="stmt"/>
      <line num="186" count="1" type="stmt"/>
      <line num="187" count="1" type="stmt"/>
      <line num="188" count="3" type="stmt"/>
      <line num="189" count="3" type="stmt"/>
      <line num="190" count="9" type="stmt"/>
      <line num="192" count="9" type="stmt"/>
      <line num="197" count="1" type="stmt"/>
      <line num="204" count="80" type="stmt"/>
      <line num="210" count="80" type="stmt"/>
      <line num="211" count="162" type="stmt"/>
      <line num="212" count="332" type="stmt"/>
      <line num="213" count="332" type="stmt"/>
      <line num="215" count="332" type="stmt"/>
      <line num="220" count="332" type="stmt"/>
      <line num="224" count="80" type="stmt"/>
      <line num="228" count="49" type="stmt"/>
      <line num="229" count="49" type="stmt"/>
      <line num="230" count="49" type="stmt"/>
      <line num="234" count="196" type="stmt"/>
      <line num="235" count="196" type="stmt"/>
      <line num="236" count="196" type="stmt"/>
      <line num="237" count="196" type="cond" truecount="3" falsecount="0"/>
      <line num="238" count="1" type="stmt"/>
      <line num="241" count="195" type="stmt"/>
      <line num="242" count="816" type="cond" truecount="1" falsecount="0"/>
      <line num="243" count="816" type="stmt"/>
      <line num="244" count="816" type="stmt"/>
      <line num="245" count="816" type="stmt"/>
      <line num="246" count="816" type="stmt"/>
      <line num="247" count="816" type="stmt"/>
      <line num="248" count="816" type="stmt"/>
      <line num="249" count="816" type="stmt"/>
      <line num="250" count="816" type="stmt"/>
      <line num="252" count="816" type="stmt"/>
      <line num="264" count="1" type="stmt"/>
      <line num="265" count="1" type="stmt"/>
      <line num="266" count="1" type="stmt"/>
      <line num="267" count="1" type="stmt"/>
      <line num="269" count="1" type="stmt"/>
      <line num="270" count="4" type="cond" truecount="1" falsecount="0"/>
      <line num="271" count="4" type="stmt"/>
      <line num="272" count="4" type="stmt"/>
      <line num="273" count="4" type="stmt"/>
      <line num="274" count="4" type="stmt"/>
      <line num="275" count="4" type="stmt"/>
      <line num="276" count="4" type="stmt"/>
      <line num="277" count="4" type="stmt"/>
      <line num="278" count="4" type="stmt"/>
      <line num="280" count="4" type="stmt"/>
      <line num="284" count="1" type="stmt"/>
      <line num="294" count="5" type="stmt"/>
    </file>
    <file name="SpreadSheetController.ts" path="/Users/amei/Documents/CS5500/CalcSheetPro/src/Engine/SpreadSheetController.ts">
      <metrics statements="109" coveredstatements="109" conditionals="43" coveredconditionals="39" methods="15" coveredmethods="15"/>
      <line num="1" count="2" type="stmt"/>
      <line num="2" count="2" type="stmt"/>
      <line num="3" count="2" type="stmt"/>
      <line num="4" count="2" type="stmt"/>
      <line num="6" count="2" type="stmt"/>
      <line num="30" count="2" type="stmt"/>
      <line num="38" count="222" type="stmt"/>
      <line num="39" count="222" type="stmt"/>
      <line num="43" count="222" type="stmt"/>
      <line num="44" count="222" type="stmt"/>
      <line num="71" count="222" type="stmt"/>
      <line num="72" count="222" type="stmt"/>
      <line num="73" count="222" type="stmt"/>
      <line num="74" count="222" type="stmt"/>
      <line num="75" count="222" type="stmt"/>
      <line num="83" count="52" type="cond" truecount="1" falsecount="0"/>
      <line num="84" count="14" type="stmt"/>
      <line num="85" count="14" type="cond" truecount="3" falsecount="0"/>
      <line num="86" count="11" type="stmt"/>
      <line num="88" count="14" type="stmt"/>
      <line num="92" count="52" type="cond" truecount="1" falsecount="0"/>
      <line num="93" count="52" type="stmt"/>
      <line num="94" count="52" type="stmt"/>
      <line num="95" count="52" type="stmt"/>
      <line num="96" count="52" type="stmt"/>
      <line num="97" count="52" type="stmt"/>
      <line num="106" count="40" type="stmt"/>
      <line num="109" count="40" type="cond" truecount="5" falsecount="0"/>
      <line num="110" count="28" type="stmt"/>
      <line num="114" count="40" type="cond" truecount="3" falsecount="0"/>
      <line num="115" count="1" type="stmt"/>
      <line num="119" count="39" type="stmt"/>
      <line num="120" count="39" type="cond" truecount="3" falsecount="0"/>
      <line num="121" count="4" type="stmt"/>
      <line num="125" count="35" type="stmt"/>
      <line num="126" count="35" type="stmt"/>
      <line num="129" count="35" type="stmt"/>
      <line num="131" count="35" type="stmt"/>
      <line num="138" count="15" type="cond" truecount="3" falsecount="1"/>
      <line num="139" count="15" type="cond" truecount="1" falsecount="0"/>
      <line num="140" count="15" type="cond" truecount="1" falsecount="0"/>
      <line num="141" count="2" type="stmt"/>
      <line num="146" count="15" type="stmt"/>
      <line num="162" count="57" type="stmt"/>
      <line num="163" count="57" type="cond" truecount="1" falsecount="0"/>
      <line num="164" count="6" type="stmt"/>
      <line num="168" count="51" type="stmt"/>
      <line num="169" count="51" type="cond" truecount="3" falsecount="1"/>
      <line num="172" count="51" type="stmt"/>
      <line num="173" count="51" type="stmt"/>
      <line num="174" count="51" type="stmt"/>
      <line num="176" count="51" type="stmt"/>
      <line num="193" count="17" type="stmt"/>
      <line num="196" count="17" type="cond" truecount="1" falsecount="0"/>
      <line num="197" count="1" type="stmt"/>
      <line num="201" count="16" type="cond" truecount="1" falsecount="0"/>
      <line num="202" count="1" type="stmt"/>
      <line num="206" count="15" type="stmt"/>
      <line num="207" count="15" type="stmt"/>
      <line num="211" count="15" type="stmt"/>
      <line num="215" count="15" type="cond" truecount="1" falsecount="0"/>
      <line num="216" count="12" type="stmt"/>
      <line num="230" count="2" type="stmt"/>
      <line num="232" count="2" type="stmt"/>
      <line num="233" count="2" type="cond" truecount="3" falsecount="1"/>
      <line num="235" count="2" type="stmt"/>
      <line num="236" count="2" type="stmt"/>
      <line num="237" count="2" type="stmt"/>
      <line num="239" count="2" type="stmt"/>
      <line num="249" count="2" type="stmt"/>
      <line num="250" count="2" type="cond" truecount="3" falsecount="0"/>
      <line num="251" count="1" type="stmt"/>
      <line num="254" count="1" type="stmt"/>
      <line num="255" count="1" type="cond" truecount="3" falsecount="1"/>
      <line num="258" count="1" type="cond" truecount="1" falsecount="0"/>
      <line num="259" count="1" type="stmt"/>
      <line num="260" count="1" type="stmt"/>
      <line num="261" count="1" type="stmt"/>
      <line num="263" count="1" type="stmt"/>
      <line num="277" count="49" type="stmt"/>
      <line num="280" count="49" type="stmt"/>
      <line num="282" count="49" type="stmt"/>
      <line num="283" count="49" type="stmt"/>
      <line num="284" count="49" type="stmt"/>
      <line num="295" count="41" type="stmt"/>
      <line num="297" count="41" type="stmt"/>
      <line num="298" count="41" type="stmt"/>
      <line num="300" count="41" type="stmt"/>
      <line num="311" count="1" type="stmt"/>
      <line num="313" count="1" type="stmt"/>
      <line num="325" count="30" type="stmt"/>
      <line num="328" count="30" type="cond" truecount="1" falsecount="0"/>
      <line num="329" count="1" type="stmt"/>
      <line num="331" count="30" type="stmt"/>
      <line num="332" count="30" type="stmt"/>
      <line num="333" count="30" type="stmt"/>
      <line num="334" count="30" type="stmt"/>
      <line num="335" count="30" type="stmt"/>
      <line num="336" count="30" type="stmt"/>
      <line num="337" count="30" type="stmt"/>
      <line num="341" count="49" type="stmt"/>
      <line num="345" count="194" type="stmt"/>
      <line num="349" count="194" type="stmt"/>
      <line num="350" count="194" type="stmt"/>
      <line num="351" count="194" type="stmt"/>
      <line num="352" count="194" type="stmt"/>
      <line num="353" count="194" type="stmt"/>
      <line num="355" count="194" type="stmt"/>
      <line num="359" count="2" type="stmt"/>
    </file>
  </project>
</coverage>
