{"/Users/amei/Documents/CS5500/CalcSheetPro/src/Engine/CalculationManager.ts": {"path":"/Users/amei/Documents/CS5500/CalcSheetPro/src/Engine/CalculationManager.ts","statementMap":{"0":{"start":{"line":13,"column":0},"end":{"line":13,"column":26}},"1":{"start":{"line":14,"column":0},"end":{"line":14,"column":46}},"2":{"start":{"line":15,"column":0},"end":{"line":15,"column":50}},"3":{"start":{"line":29,"column":8},"end":{"line":29,"column":45}},"4":{"start":{"line":32,"column":31},"end":{"line":32,"column":71}},"5":{"start":{"line":35,"column":25},"end":{"line":35,"column":58}},"6":{"start":{"line":38,"column":8},"end":{"line":51,"column":null}},"7":{"start":{"line":39,"column":30},"end":{"line":39,"column":67}},"8":{"start":{"line":40,"column":26},"end":{"line":40,"column":50}},"9":{"start":{"line":42,"column":12},"end":{"line":42,"column":41}},"10":{"start":{"line":44,"column":24},"end":{"line":44,"column":41}},"11":{"start":{"line":45,"column":24},"end":{"line":45,"column":40}},"12":{"start":{"line":48,"column":12},"end":{"line":48,"column":40}},"13":{"start":{"line":49,"column":12},"end":{"line":49,"column":40}},"14":{"start":{"line":50,"column":12},"end":{"line":50,"column":63}},"15":{"start":{"line":69,"column":26},"end":{"line":69,"column":70}},"16":{"start":{"line":73,"column":36},"end":{"line":73,"column":62}},"17":{"start":{"line":74,"column":40},"end":{"line":74,"column":54}},"18":{"start":{"line":76,"column":8},"end":{"line":76,"column":45}},"19":{"start":{"line":80,"column":8},"end":{"line":82,"column":null}},"20":{"start":{"line":81,"column":12},"end":{"line":81,"column":24}},"21":{"start":{"line":85,"column":12},"end":{"line":87,"column":null}},"22":{"start":{"line":86,"column":16},"end":{"line":86,"column":28}},"23":{"start":{"line":89,"column":12},"end":{"line":96,"column":null}},"24":{"start":{"line":89,"column":25},"end":{"line":89,"column":26}},"25":{"start":{"line":90,"column":40},"end":{"line":90,"column":52}},"26":{"start":{"line":91,"column":34},"end":{"line":91,"column":79}},"27":{"start":{"line":92,"column":43},"end":{"line":92,"column":69}},"28":{"start":{"line":93,"column":16},"end":{"line":95,"column":null}},"29":{"start":{"line":94,"column":20},"end":{"line":94,"column":32}},"30":{"start":{"line":98,"column":12},"end":{"line":98,"column":25}},"31":{"start":{"line":102,"column":8},"end":{"line":109,"column":null}},"32":{"start":{"line":102,"column":21},"end":{"line":102,"column":22}},"33":{"start":{"line":103,"column":36},"end":{"line":103,"column":52}},"34":{"start":{"line":104,"column":30},"end":{"line":104,"column":75}},"35":{"start":{"line":105,"column":39},"end":{"line":105,"column":65}},"36":{"start":{"line":106,"column":12},"end":{"line":108,"column":null}},"37":{"start":{"line":107,"column":16},"end":{"line":107,"column":29}},"38":{"start":{"line":110,"column":8},"end":{"line":110,"column":20}},"39":{"start":{"line":124,"column":8},"end":{"line":138,"column":null}},"40":{"start":{"line":124,"column":26},"end":{"line":124,"column":27}},"41":{"start":{"line":125,"column":12},"end":{"line":137,"column":null}},"42":{"start":{"line":125,"column":27},"end":{"line":125,"column":28}},"43":{"start":{"line":126,"column":34},"end":{"line":126,"column":67}},"44":{"start":{"line":128,"column":34},"end":{"line":128,"column":71}},"45":{"start":{"line":129,"column":37},"end":{"line":129,"column":61}},"46":{"start":{"line":132,"column":39},"end":{"line":132,"column":87}},"47":{"start":{"line":133,"column":16},"end":{"line":133,"column":59}},"48":{"start":{"line":136,"column":16},"end":{"line":136,"column":67}},"49":{"start":{"line":156,"column":50},"end":{"line":156,"column":52}},"50":{"start":{"line":157,"column":41},"end":{"line":157,"column":43}},"51":{"start":{"line":158,"column":43},"end":{"line":158,"column":45}},"52":{"start":{"line":162,"column":8},"end":{"line":174,"column":null}},"53":{"start":{"line":162,"column":26},"end":{"line":162,"column":27}},"54":{"start":{"line":163,"column":12},"end":{"line":173,"column":null}},"55":{"start":{"line":163,"column":27},"end":{"line":163,"column":28}},"56":{"start":{"line":164,"column":35},"end":{"line":164,"column":68}},"57":{"start":{"line":165,"column":36},"end":{"line":165,"column":76}},"58":{"start":{"line":167,"column":16},"end":{"line":172,"column":null}},"59":{"start":{"line":168,"column":20},"end":{"line":168,"column":56}},"60":{"start":{"line":171,"column":20},"end":{"line":171,"column":58}},"61":{"start":{"line":177,"column":8},"end":{"line":177,"column":58}},"62":{"start":{"line":180,"column":30},"end":{"line":180,"column":62}},"63":{"start":{"line":181,"column":39},"end":{"line":181,"column":65}},"64":{"start":{"line":183,"column":12},"end":{"line":188,"column":null}},"65":{"start":{"line":183,"column":25},"end":{"line":183,"column":26}},"66":{"start":{"line":184,"column":40},"end":{"line":184,"column":63}},"67":{"start":{"line":185,"column":16},"end":{"line":187,"column":null}},"68":{"start":{"line":186,"column":20},"end":{"line":186,"column":45}},"69":{"start":{"line":191,"column":12},"end":{"line":193,"column":null}},"70":{"start":{"line":192,"column":16},"end":{"line":192,"column":53}},"71":{"start":{"line":196,"column":8},"end":{"line":199,"column":null}},"72":{"start":{"line":196,"column":21},"end":{"line":196,"column":22}},"73":{"start":{"line":197,"column":30},"end":{"line":197,"column":51}},"74":{"start":{"line":198,"column":12},"end":{"line":198,"column":31}},"75":{"start":{"line":200,"column":8},"end":{"line":200,"column":41}},"76":{"start":{"line":19,"column":0},"end":{"line":19,"column":21}}},"fnMap":{"0":{"name":"(anonymous_1)","decl":{"start":{"line":27,"column":11},"end":{"line":27,"column":24}},"loc":{"start":{"line":27,"column":49},"end":{"line":52,"column":5}}},"1":{"name":"(anonymous_2)","decl":{"start":{"line":67,"column":11},"end":{"line":67,"column":31}},"loc":{"start":{"line":67,"column":108},"end":{"line":111,"column":5}}},"2":{"name":"checkForIfCircular","decl":{"start":{"line":84,"column":17},"end":{"line":84,"column":35}},"loc":{"start":{"line":84,"column":74},"end":{"line":99,"column":9}}},"3":{"name":"(anonymous_4)","decl":{"start":{"line":123,"column":11},"end":{"line":123,"column":29}},"loc":{"start":{"line":123,"column":54},"end":{"line":139,"column":5}}},"4":{"name":"(anonymous_5)","decl":{"start":{"line":155,"column":11},"end":{"line":155,"column":33}},"loc":{"start":{"line":155,"column":58},"end":{"line":201,"column":5}}},"5":{"name":"visit","decl":{"start":{"line":179,"column":17},"end":{"line":179,"column":22}},"loc":{"start":{"line":179,"column":35},"end":{"line":194,"column":9}}}},"branchMap":{"0":{"loc":{"start":{"line":80,"column":8},"end":{"line":82,"column":null}},"type":"if","locations":[{"start":{"line":80,"column":8},"end":{"line":82,"column":null}}]},"1":{"loc":{"start":{"line":85,"column":12},"end":{"line":87,"column":null}},"type":"if","locations":[{"start":{"line":85,"column":12},"end":{"line":87,"column":null}}]},"2":{"loc":{"start":{"line":93,"column":16},"end":{"line":95,"column":null}},"type":"if","locations":[{"start":{"line":93,"column":16},"end":{"line":95,"column":null}}]},"3":{"loc":{"start":{"line":106,"column":12},"end":{"line":108,"column":null}},"type":"if","locations":[{"start":{"line":106,"column":12},"end":{"line":108,"column":null}}]},"4":{"loc":{"start":{"line":167,"column":16},"end":{"line":172,"column":null}},"type":"if","locations":[{"start":{"line":167,"column":16},"end":{"line":172,"column":null}},{"start":{"line":170,"column":21},"end":{"line":172,"column":null}}]},"5":{"loc":{"start":{"line":185,"column":16},"end":{"line":187,"column":null}},"type":"if","locations":[{"start":{"line":185,"column":16},"end":{"line":187,"column":null}}]},"6":{"loc":{"start":{"line":191,"column":12},"end":{"line":193,"column":null}},"type":"if","locations":[{"start":{"line":191,"column":12},"end":{"line":193,"column":null}}]}},"s":{"0":3,"1":3,"2":3,"3":54,"4":54,"5":54,"6":54,"7":846,"8":846,"9":846,"10":846,"11":846,"12":846,"13":846,"14":846,"15":22,"16":22,"17":22,"18":22,"19":22,"20":2,"21":24,"22":5,"23":19,"24":19,"25":4,"26":4,"27":4,"28":4,"29":3,"30":16,"31":20,"32":20,"33":20,"34":20,"35":20,"36":20,"37":5,"38":15,"39":62,"40":62,"41":223,"42":223,"43":929,"44":929,"45":929,"46":929,"47":929,"48":929,"49":57,"50":57,"51":57,"52":57,"53":57,"54":207,"55":207,"56":873,"57":873,"58":873,"59":832,"60":41,"61":57,"62":100,"63":100,"64":100,"65":100,"66":101,"67":101,"68":59,"69":100,"70":41,"71":57,"72":57,"73":41,"74":41,"75":57,"76":3},"f":{"0":54,"1":22,"2":24,"3":62,"4":57,"5":100},"b":{"0":[2],"1":[5],"2":[3],"3":[5],"4":[832,41],"5":[59],"6":[41]}}
,"/Users/amei/Documents/CS5500/CalcSheetPro/src/Engine/Cell.ts": {"path":"/Users/amei/Documents/CS5500/CalcSheetPro/src/Engine/Cell.ts","statementMap":{"0":{"start":{"line":10,"column":0},"end":{"line":10,"column":52}},"1":{"start":{"line":17,"column":10},"end":{"line":17,"column":34}},"2":{"start":{"line":21,"column":10},"end":{"line":21,"column":29}},"3":{"start":{"line":24,"column":10},"end":{"line":24,"column":30}},"4":{"start":{"line":27,"column":10},"end":{"line":27,"column":38}},"5":{"start":{"line":30,"column":10},"end":{"line":30,"column":36}},"6":{"start":{"line":33,"column":10},"end":{"line":33,"column":30}},"7":{"start":{"line":45,"column":4},"end":{"line":61,"column":null}},"8":{"start":{"line":47,"column":6},"end":{"line":47,"column":41}},"9":{"start":{"line":48,"column":6},"end":{"line":48,"column":32}},"10":{"start":{"line":49,"column":6},"end":{"line":49,"column":40}},"11":{"start":{"line":50,"column":6},"end":{"line":50,"column":56}},"12":{"start":{"line":51,"column":6},"end":{"line":51,"column":45}},"13":{"start":{"line":55,"column":6},"end":{"line":55,"column":25}},"14":{"start":{"line":56,"column":6},"end":{"line":56,"column":22}},"15":{"start":{"line":57,"column":6},"end":{"line":57,"column":47}},"16":{"start":{"line":58,"column":6},"end":{"line":58,"column":31}},"17":{"start":{"line":59,"column":6},"end":{"line":59,"column":27}},"18":{"start":{"line":70,"column":4},"end":{"line":70,"column":25}},"19":{"start":{"line":80,"column":4},"end":{"line":80,"column":33}},"20":{"start":{"line":88,"column":4},"end":{"line":88,"column":24}},"21":{"start":{"line":96,"column":4},"end":{"line":96,"column":23}},"22":{"start":{"line":106,"column":4},"end":{"line":106,"column":23}},"23":{"start":{"line":116,"column":4},"end":{"line":116,"column":24}},"24":{"start":{"line":126,"column":4},"end":{"line":128,"column":null}},"25":{"start":{"line":127,"column":6},"end":{"line":127,"column":36}},"26":{"start":{"line":131,"column":4},"end":{"line":133,"column":null}},"27":{"start":{"line":132,"column":6},"end":{"line":132,"column":16}},"28":{"start":{"line":137,"column":4},"end":{"line":137,"column":23}},"29":{"start":{"line":146,"column":4},"end":{"line":146,"column":23}},"30":{"start":{"line":156,"column":4},"end":{"line":156,"column":24}},"31":{"start":{"line":166,"column":4},"end":{"line":168,"column":null}},"32":{"start":{"line":167,"column":6},"end":{"line":167,"column":33}},"33":{"start":{"line":176,"column":18},"end":{"line":176,"column":47}},"34":{"start":{"line":177,"column":4},"end":{"line":179,"column":null}},"35":{"start":{"line":178,"column":6},"end":{"line":178,"column":39}},"36":{"start":{"line":188,"column":4},"end":{"line":188,"column":27}},"37":{"start":{"line":198,"column":4},"end":{"line":198,"column":32}},"38":{"start":{"line":214,"column":16},"end":{"line":214,"column":36}},"39":{"start":{"line":215,"column":4},"end":{"line":215,"column":28}},"40":{"start":{"line":219,"column":17},"end":{"line":219,"column":18}},"41":{"start":{"line":220,"column":4},"end":{"line":223,"column":null}},"42":{"start":{"line":220,"column":17},"end":{"line":220,"column":18}},"43":{"start":{"line":221,"column":6},"end":{"line":221,"column":19}},"44":{"start":{"line":222,"column":6},"end":{"line":222,"column":42}},"45":{"start":{"line":224,"column":4},"end":{"line":224,"column":18}},"46":{"start":{"line":240,"column":15},"end":{"line":240,"column":21}},"47":{"start":{"line":241,"column":17},"end":{"line":241,"column":19}},"48":{"start":{"line":242,"column":4},"end":{"line":246,"column":23}},"49":{"start":{"line":243,"column":22},"end":{"line":243,"column":31}},"50":{"start":{"line":244,"column":6},"end":{"line":244,"column":35}},"51":{"start":{"line":245,"column":6},"end":{"line":245,"column":60}},"52":{"start":{"line":247,"column":4},"end":{"line":247,"column":18}},"53":{"start":{"line":259,"column":4},"end":{"line":259,"column":32}},"54":{"start":{"line":274,"column":24},"end":{"line":274,"column":44}},"55":{"start":{"line":275,"column":20},"end":{"line":275,"column":43}},"56":{"start":{"line":277,"column":4},"end":{"line":279,"column":null}},"57":{"start":{"line":278,"column":6},"end":{"line":278,"column":43}},"58":{"start":{"line":280,"column":19},"end":{"line":280,"column":61}},"59":{"start":{"line":281,"column":16},"end":{"line":281,"column":40}},"60":{"start":{"line":283,"column":4},"end":{"line":283,"column":25}},"61":{"start":{"line":299,"column":23},"end":{"line":299,"column":54}},"62":{"start":{"line":306,"column":20},"end":{"line":306,"column":45}},"63":{"start":{"line":308,"column":17},"end":{"line":308,"column":41}},"64":{"start":{"line":309,"column":4},"end":{"line":309,"column":18}},"65":{"start":{"line":11,"column":0},"end":{"line":11,"column":13}},"66":{"start":{"line":315,"column":0},"end":{"line":315,"column":20}}},"fnMap":{"0":{"name":"(anonymous_0)","decl":{"start":{"line":44,"column":2},"end":{"line":44,"column":14}},"loc":{"start":{"line":44,"column":25},"end":{"line":62,"column":3}}},"1":{"name":"(anonymous_1)","decl":{"start":{"line":69,"column":2},"end":{"line":69,"column":12}},"loc":{"start":{"line":69,"column":12},"end":{"line":71,"column":3}}},"2":{"name":"(anonymous_2)","decl":{"start":{"line":79,"column":2},"end":{"line":79,"column":12}},"loc":{"start":{"line":79,"column":30},"end":{"line":81,"column":3}}},"3":{"name":"(anonymous_3)","decl":{"start":{"line":87,"column":2},"end":{"line":87,"column":10}},"loc":{"start":{"line":87,"column":24},"end":{"line":89,"column":3}}},"4":{"name":"(anonymous_4)","decl":{"start":{"line":95,"column":2},"end":{"line":95,"column":10}},"loc":{"start":{"line":95,"column":10},"end":{"line":97,"column":3}}},"5":{"name":"(anonymous_5)","decl":{"start":{"line":105,"column":2},"end":{"line":105,"column":10}},"loc":{"start":{"line":105,"column":10},"end":{"line":107,"column":3}}},"6":{"name":"(anonymous_6)","decl":{"start":{"line":115,"column":2},"end":{"line":115,"column":10}},"loc":{"start":{"line":115,"column":24},"end":{"line":117,"column":3}}},"7":{"name":"(anonymous_7)","decl":{"start":{"line":124,"column":2},"end":{"line":124,"column":18}},"loc":{"start":{"line":124,"column":18},"end":{"line":138,"column":3}}},"8":{"name":"(anonymous_8)","decl":{"start":{"line":145,"column":2},"end":{"line":145,"column":10}},"loc":{"start":{"line":145,"column":10},"end":{"line":147,"column":3}}},"9":{"name":"(anonymous_9)","decl":{"start":{"line":155,"column":2},"end":{"line":155,"column":10}},"loc":{"start":{"line":155,"column":24},"end":{"line":157,"column":3}}},"10":{"name":"(anonymous_10)","decl":{"start":{"line":164,"column":9},"end":{"line":164,"column":21}},"loc":{"start":{"line":164,"column":34},"end":{"line":169,"column":3}}},"11":{"name":"(anonymous_11)","decl":{"start":{"line":175,"column":9},"end":{"line":175,"column":24}},"loc":{"start":{"line":175,"column":37},"end":{"line":180,"column":3}}},"12":{"name":"(anonymous_12)","decl":{"start":{"line":187,"column":2},"end":{"line":187,"column":14}},"loc":{"start":{"line":187,"column":14},"end":{"line":189,"column":3}}},"13":{"name":"(anonymous_13)","decl":{"start":{"line":197,"column":2},"end":{"line":197,"column":14}},"loc":{"start":{"line":197,"column":34},"end":{"line":199,"column":3}}},"14":{"name":"(anonymous_14)","decl":{"start":{"line":213,"column":9},"end":{"line":213,"column":15}},"loc":{"start":{"line":213,"column":45},"end":{"line":216,"column":3}}},"15":{"name":"(anonymous_15)","decl":{"start":{"line":218,"column":2},"end":{"line":218,"column":8}},"loc":{"start":{"line":218,"column":49},"end":{"line":225,"column":3}}},"16":{"name":"(anonymous_16)","decl":{"start":{"line":233,"column":9},"end":{"line":233,"column":15}},"loc":{"start":{"line":233,"column":49},"end":{"line":248,"column":3}}},"17":{"name":"(anonymous_17)","decl":{"start":{"line":258,"column":9},"end":{"line":258,"column":15}},"loc":{"start":{"line":258,"column":43},"end":{"line":260,"column":3}}},"18":{"name":"(anonymous_18)","decl":{"start":{"line":268,"column":9},"end":{"line":268,"column":15}},"loc":{"start":{"line":268,"column":45},"end":{"line":284,"column":3}}},"19":{"name":"(anonymous_19)","decl":{"start":{"line":293,"column":9},"end":{"line":293,"column":15}},"loc":{"start":{"line":293,"column":59},"end":{"line":310,"column":3}}}},"branchMap":{"0":{"loc":{"start":{"line":45,"column":4},"end":{"line":61,"column":null}},"type":"if","locations":[{"start":{"line":45,"column":4},"end":{"line":61,"column":null}},{"start":{"line":53,"column":11},"end":{"line":61,"column":null}}]},"1":{"loc":{"start":{"line":126,"column":4},"end":{"line":128,"column":null}},"type":"if","locations":[{"start":{"line":126,"column":4},"end":{"line":128,"column":null}}]},"2":{"loc":{"start":{"line":126,"column":8},"end":{"line":126,"column":54}},"type":"binary-expr","locations":[{"start":{"line":126,"column":8},"end":{"line":126,"column":26}},{"start":{"line":126,"column":30},"end":{"line":126,"column":54}}]},"3":{"loc":{"start":{"line":131,"column":4},"end":{"line":133,"column":null}},"type":"if","locations":[{"start":{"line":131,"column":4},"end":{"line":133,"column":null}}]},"4":{"loc":{"start":{"line":166,"column":4},"end":{"line":168,"column":null}},"type":"if","locations":[{"start":{"line":166,"column":4},"end":{"line":168,"column":null}}]},"5":{"loc":{"start":{"line":177,"column":4},"end":{"line":179,"column":null}},"type":"if","locations":[{"start":{"line":177,"column":4},"end":{"line":179,"column":null}}]},"6":{"loc":{"start":{"line":277,"column":4},"end":{"line":279,"column":null}},"type":"if","locations":[{"start":{"line":277,"column":4},"end":{"line":279,"column":null}}]}},"s":{"0":9,"1":3190,"2":3190,"3":3190,"4":3190,"5":3190,"6":3190,"7":3190,"8":1,"9":1,"10":1,"11":1,"12":1,"13":3189,"14":3189,"15":3189,"16":3189,"17":3189,"18":2253,"19":984,"20":1765,"21":369,"22":362,"23":1766,"24":57,"25":22,"26":35,"27":16,"28":19,"29":5,"30":2258,"31":5,"32":4,"33":2,"34":2,"35":1,"36":1048,"37":950,"38":257,"39":257,"40":5733,"41":5733,"42":5733,"43":5733,"44":5733,"45":5733,"46":4391,"47":4391,"48":4391,"49":4391,"50":4391,"51":4391,"52":4391,"53":4391,"54":5734,"55":5734,"56":5734,"57":1,"58":5733,"59":5733,"60":5733,"61":4391,"62":4391,"63":4391,"64":4391,"65":9,"66":9},"f":{"0":3190,"1":2253,"2":984,"3":1765,"4":369,"5":362,"6":1766,"7":57,"8":5,"9":2258,"10":5,"11":2,"12":1048,"13":950,"14":257,"15":5733,"16":4391,"17":4391,"18":5734,"19":4391},"b":{"0":[1,3189],"1":[22],"2":[57,22],"3":[16],"4":[4],"5":[1],"6":[1]}}
,"/Users/amei/Documents/CS5500/CalcSheetPro/src/Engine/ContributingUser.ts": {"path":"/Users/amei/Documents/CS5500/CalcSheetPro/src/Engine/ContributingUser.ts","statementMap":{"0":{"start":{"line":6,"column":0},"end":{"line":6,"column":50}},"1":{"start":{"line":11,"column":12},"end":{"line":11,"column":40}},"2":{"start":{"line":14,"column":8},"end":{"line":14,"column":52}},"3":{"start":{"line":15,"column":8},"end":{"line":15,"column":36}},"4":{"start":{"line":19,"column":8},"end":{"line":19,"column":31}},"5":{"start":{"line":23,"column":8},"end":{"line":23,"column":36}},"6":{"start":{"line":27,"column":8},"end":{"line":27,"column":36}},"7":{"start":{"line":31,"column":8},"end":{"line":31,"column":31}},"8":{"start":{"line":35,"column":8},"end":{"line":35,"column":36}},"9":{"start":{"line":8,"column":0},"end":{"line":8,"column":13}}},"fnMap":{"0":{"name":"(anonymous_0)","decl":{"start":{"line":13,"column":4},"end":{"line":13,"column":16}},"loc":{"start":{"line":13,"column":33},"end":{"line":16,"column":5}}},"1":{"name":"(anonymous_1)","decl":{"start":{"line":18,"column":4},"end":{"line":18,"column":15}},"loc":{"start":{"line":18,"column":24},"end":{"line":20,"column":5}}},"2":{"name":"(anonymous_2)","decl":{"start":{"line":22,"column":4},"end":{"line":22,"column":15}},"loc":{"start":{"line":22,"column":43},"end":{"line":24,"column":5}}},"3":{"name":"(anonymous_3)","decl":{"start":{"line":26,"column":4},"end":{"line":26,"column":15}},"loc":{"start":{"line":26,"column":42},"end":{"line":28,"column":5}}},"4":{"name":"(anonymous_4)","decl":{"start":{"line":30,"column":4},"end":{"line":30,"column":15}},"loc":{"start":{"line":30,"column":24},"end":{"line":32,"column":5}}},"5":{"name":"(anonymous_5)","decl":{"start":{"line":34,"column":4},"end":{"line":34,"column":15}},"loc":{"start":{"line":34,"column":29},"end":{"line":36,"column":5}}}},"branchMap":{},"s":{"0":3,"1":55,"2":55,"3":55,"4":106,"5":88,"6":1,"7":299,"8":259,"9":3},"f":{"0":55,"1":106,"2":88,"3":1,"4":299,"5":259},"b":{}}
,"/Users/amei/Documents/CS5500/CalcSheetPro/src/Engine/DocumentHolder.ts": {"path":"/Users/amei/Documents/CS5500/CalcSheetPro/src/Engine/DocumentHolder.ts","statementMap":{"0":{"start":{"line":25,"column":0},"end":{"line":25,"column":25}},"1":{"start":{"line":26,"column":0},"end":{"line":26,"column":29}},"2":{"start":{"line":27,"column":0},"end":{"line":27,"column":64}},"3":{"start":{"line":37,"column":8},"end":{"line":37,"column":67}},"4":{"start":{"line":39,"column":25},"end":{"line":39,"column":57}},"5":{"start":{"line":41,"column":8},"end":{"line":41,"column":70}},"6":{"start":{"line":42,"column":8},"end":{"line":42,"column":44}},"7":{"start":{"line":43,"column":8},"end":{"line":43,"column":30}},"8":{"start":{"line":47,"column":8},"end":{"line":49,"column":null}},"9":{"start":{"line":48,"column":12},"end":{"line":48,"column":68}},"10":{"start":{"line":56,"column":22},"end":{"line":56,"column":58}},"11":{"start":{"line":58,"column":8},"end":{"line":62,"column":11}},"12":{"start":{"line":59,"column":12},"end":{"line":61,"column":null}},"13":{"start":{"line":60,"column":16},"end":{"line":60,"column":69}},"14":{"start":{"line":66,"column":22},"end":{"line":66,"column":58}},"15":{"start":{"line":67,"column":8},"end":{"line":78,"column":10}},"16":{"start":{"line":69,"column":33},"end":{"line":69,"column":70}},"17":{"start":{"line":70,"column":33},"end":{"line":70,"column":70}},"18":{"start":{"line":73,"column":31},"end":{"line":73,"column":86}},"19":{"start":{"line":75,"column":12},"end":{"line":75,"column":63}},"20":{"start":{"line":82,"column":22},"end":{"line":82,"column":58}},"21":{"start":{"line":84,"column":8},"end":{"line":96,"column":10}},"22":{"start":{"line":85,"column":12},"end":{"line":94,"column":null}},"23":{"start":{"line":86,"column":37},"end":{"line":86,"column":74}},"24":{"start":{"line":87,"column":37},"end":{"line":87,"column":74}},"25":{"start":{"line":90,"column":35},"end":{"line":90,"column":90}},"26":{"start":{"line":92,"column":16},"end":{"line":92,"column":67}},"27":{"start":{"line":102,"column":23},"end":{"line":102,"column":48}},"28":{"start":{"line":103,"column":8},"end":{"line":107,"column":null}},"29":{"start":{"line":104,"column":31},"end":{"line":104,"column":53}},"30":{"start":{"line":105,"column":33},"end":{"line":105,"column":80}},"31":{"start":{"line":106,"column":12},"end":{"line":106,"column":57}},"32":{"start":{"line":122,"column":8},"end":{"line":122,"column":37}},"33":{"start":{"line":123,"column":30},"end":{"line":123,"column":64}},"34":{"start":{"line":124,"column":8},"end":{"line":124,"column":29}},"35":{"start":{"line":128,"column":8},"end":{"line":130,"column":null}},"36":{"start":{"line":129,"column":12},"end":{"line":129,"column":null}},"37":{"start":{"line":131,"column":23},"end":{"line":131,"column":63}},"38":{"start":{"line":132,"column":8},"end":{"line":132,"column":44}},"39":{"start":{"line":133,"column":8},"end":{"line":133,"column":33}},"40":{"start":{"line":135,"column":8},"end":{"line":135,"column":49}},"41":{"start":{"line":136,"column":8},"end":{"line":136,"column":20}},"42":{"start":{"line":140,"column":23},"end":{"line":140,"column":48}},"43":{"start":{"line":143,"column":34},"end":{"line":143,"column":71}},"44":{"start":{"line":145,"column":29},"end":{"line":145,"column":62}},"45":{"start":{"line":146,"column":8},"end":{"line":146,"column":28}},"46":{"start":{"line":151,"column":23},"end":{"line":151,"column":51}},"47":{"start":{"line":153,"column":8},"end":{"line":153,"column":53}},"48":{"start":{"line":154,"column":8},"end":{"line":154,"column":20}},"49":{"start":{"line":158,"column":23},"end":{"line":158,"column":51}},"50":{"start":{"line":160,"column":8},"end":{"line":160,"column":60}},"51":{"start":{"line":164,"column":23},"end":{"line":164,"column":51}},"52":{"start":{"line":166,"column":8},"end":{"line":166,"column":40}},"53":{"start":{"line":167,"column":8},"end":{"line":167,"column":36}},"54":{"start":{"line":169,"column":29},"end":{"line":169,"column":64}},"55":{"start":{"line":170,"column":8},"end":{"line":170,"column":28}},"56":{"start":{"line":176,"column":23},"end":{"line":176,"column":51}},"57":{"start":{"line":178,"column":8},"end":{"line":178,"column":38}},"58":{"start":{"line":179,"column":8},"end":{"line":179,"column":36}},"59":{"start":{"line":181,"column":29},"end":{"line":181,"column":64}},"60":{"start":{"line":182,"column":8},"end":{"line":182,"column":28}},"61":{"start":{"line":187,"column":23},"end":{"line":187,"column":51}},"62":{"start":{"line":189,"column":8},"end":{"line":189,"column":36}},"63":{"start":{"line":190,"column":8},"end":{"line":190,"column":36}},"64":{"start":{"line":192,"column":29},"end":{"line":192,"column":64}},"65":{"start":{"line":193,"column":8},"end":{"line":193,"column":28}},"66":{"start":{"line":198,"column":23},"end":{"line":198,"column":51}},"67":{"start":{"line":200,"column":8},"end":{"line":200,"column":37}},"68":{"start":{"line":201,"column":8},"end":{"line":201,"column":36}},"69":{"start":{"line":203,"column":29},"end":{"line":203,"column":64}},"70":{"start":{"line":204,"column":8},"end":{"line":204,"column":28}},"71":{"start":{"line":209,"column":23},"end":{"line":209,"column":48}},"72":{"start":{"line":211,"column":30},"end":{"line":211,"column":69}},"73":{"start":{"line":212,"column":8},"end":{"line":212,"column":29}},"74":{"start":{"line":217,"column":23},"end":{"line":217,"column":48}},"75":{"start":{"line":219,"column":29},"end":{"line":219,"column":67}},"76":{"start":{"line":220,"column":8},"end":{"line":220,"column":28}},"77":{"start":{"line":225,"column":23},"end":{"line":225,"column":48}},"78":{"start":{"line":227,"column":33},"end":{"line":227,"column":68}},"79":{"start":{"line":228,"column":8},"end":{"line":228,"column":32}},"80":{"start":{"line":30,"column":0},"end":{"line":30,"column":13}}},"fnMap":{"0":{"name":"(anonymous_6)","decl":{"start":{"line":36,"column":4},"end":{"line":36,"column":16}},"loc":{"start":{"line":36,"column":55},"end":{"line":44,"column":5}}},"1":{"name":"(anonymous_7)","decl":{"start":{"line":46,"column":12},"end":{"line":46,"column":40}},"loc":{"start":{"line":46,"column":40},"end":{"line":50,"column":5}}},"2":{"name":"(anonymous_8)","decl":{"start":{"line":55,"column":12},"end":{"line":55,"column":23}},"loc":{"start":{"line":55,"column":23},"end":{"line":63,"column":5}}},"3":{"name":"(anonymous_9)","decl":{"start":{"line":58,"column":22},"end":{"line":58,"column":26}},"loc":{"start":{"line":58,"column":29},"end":{"line":62,"column":9}}},"4":{"name":"(anonymous_10)","decl":{"start":{"line":65,"column":12},"end":{"line":65,"column":26}},"loc":{"start":{"line":65,"column":26},"end":{"line":79,"column":5}}},"5":{"name":"(anonymous_11)","decl":{"start":{"line":67,"column":22},"end":{"line":67,"column":26}},"loc":{"start":{"line":67,"column":29},"end":{"line":77,"column":9}}},"6":{"name":"(anonymous_12)","decl":{"start":{"line":81,"column":12},"end":{"line":81,"column":33}},"loc":{"start":{"line":81,"column":33},"end":{"line":97,"column":5}}},"7":{"name":"(anonymous_13)","decl":{"start":{"line":84,"column":22},"end":{"line":84,"column":26}},"loc":{"start":{"line":84,"column":29},"end":{"line":95,"column":9}}},"8":{"name":"(anonymous_14)","decl":{"start":{"line":101,"column":12},"end":{"line":101,"column":25}},"loc":{"start":{"line":101,"column":38},"end":{"line":108,"column":5}}},"9":{"name":"(anonymous_15)","decl":{"start":{"line":121,"column":11},"end":{"line":121,"column":27}},"loc":{"start":{"line":121,"column":27},"end":{"line":125,"column":5}}},"10":{"name":"(anonymous_16)","decl":{"start":{"line":127,"column":11},"end":{"line":127,"column":25}},"loc":{"start":{"line":127,"column":83},"end":{"line":137,"column":5}}},"11":{"name":"(anonymous_17)","decl":{"start":{"line":139,"column":11},"end":{"line":139,"column":26}},"loc":{"start":{"line":139,"column":57},"end":{"line":149,"column":5}}},"12":{"name":"(anonymous_18)","decl":{"start":{"line":150,"column":11},"end":{"line":150,"column":28}},"loc":{"start":{"line":150,"column":77},"end":{"line":155,"column":5}}},"13":{"name":"(anonymous_19)","decl":{"start":{"line":157,"column":11},"end":{"line":157,"column":28}},"loc":{"start":{"line":157,"column":77},"end":{"line":161,"column":5}}},"14":{"name":"(anonymous_20)","decl":{"start":{"line":163,"column":11},"end":{"line":163,"column":19}},"loc":{"start":{"line":163,"column":64},"end":{"line":173,"column":5}}},"15":{"name":"(anonymous_21)","decl":{"start":{"line":175,"column":11},"end":{"line":175,"column":18}},"loc":{"start":{"line":175,"column":62},"end":{"line":184,"column":5}}},"16":{"name":"(anonymous_22)","decl":{"start":{"line":186,"column":11},"end":{"line":186,"column":22}},"loc":{"start":{"line":186,"column":52},"end":{"line":195,"column":5}}},"17":{"name":"(anonymous_23)","decl":{"start":{"line":197,"column":11},"end":{"line":197,"column":23}},"loc":{"start":{"line":197,"column":53},"end":{"line":206,"column":5}}},"18":{"name":"(anonymous_24)","decl":{"start":{"line":208,"column":11},"end":{"line":208,"column":27}},"loc":{"start":{"line":208,"column":54},"end":{"line":214,"column":5}}},"19":{"name":"(anonymous_25)","decl":{"start":{"line":216,"column":11},"end":{"line":216,"column":26}},"loc":{"start":{"line":216,"column":53},"end":{"line":222,"column":5}}},"20":{"name":"(anonymous_26)","decl":{"start":{"line":224,"column":11},"end":{"line":224,"column":30}},"loc":{"start":{"line":224,"column":57},"end":{"line":230,"column":5}}}},"branchMap":{"0":{"loc":{"start":{"line":36,"column":16},"end":{"line":36,"column":55}},"type":"default-arg","locations":[{"start":{"line":36,"column":44},"end":{"line":36,"column":55}}]},"1":{"loc":{"start":{"line":47,"column":8},"end":{"line":49,"column":null}},"type":"if","locations":[{"start":{"line":47,"column":8},"end":{"line":49,"column":null}}]},"2":{"loc":{"start":{"line":59,"column":12},"end":{"line":61,"column":null}},"type":"if","locations":[{"start":{"line":59,"column":12},"end":{"line":61,"column":null}}]},"3":{"loc":{"start":{"line":85,"column":12},"end":{"line":94,"column":null}},"type":"if","locations":[{"start":{"line":85,"column":12},"end":{"line":94,"column":null}}]},"4":{"loc":{"start":{"line":103,"column":8},"end":{"line":107,"column":null}},"type":"if","locations":[{"start":{"line":103,"column":8},"end":{"line":107,"column":null}}]},"5":{"loc":{"start":{"line":128,"column":8},"end":{"line":130,"column":null}},"type":"if","locations":[{"start":{"line":128,"column":8},"end":{"line":130,"column":null}}]}},"s":{"0":1,"1":1,"2":1,"3":23,"4":23,"5":23,"6":23,"7":23,"8":23,"9":1,"10":1,"11":1,"12":4,"13":2,"14":23,"15":23,"16":193,"17":193,"18":193,"19":193,"20":1,"21":1,"22":4,"23":1,"24":1,"25":1,"26":1,"27":49,"28":49,"29":49,"30":49,"31":49,"32":1,"33":1,"34":1,"35":21,"36":1,"37":20,"38":20,"39":20,"40":20,"41":20,"42":30,"43":30,"44":30,"45":30,"46":23,"47":23,"48":23,"49":23,"50":23,"51":16,"52":16,"53":16,"54":16,"55":16,"56":10,"57":10,"58":10,"59":10,"60":10,"61":1,"62":1,"63":1,"64":1,"65":1,"66":2,"67":2,"68":2,"69":2,"70":2,"71":4,"72":4,"73":4,"74":3,"75":3,"76":3,"77":1,"78":1,"79":1,"80":1},"f":{"0":23,"1":23,"2":1,"3":4,"4":23,"5":193,"6":1,"7":4,"8":49,"9":1,"10":21,"11":30,"12":23,"13":23,"14":16,"15":10,"16":1,"17":2,"18":4,"19":3,"20":1},"b":{"0":[0],"1":[1],"2":[2],"3":[1],"4":[49],"5":[1]}}
,"/Users/amei/Documents/CS5500/CalcSheetPro/src/Engine/FormulaBuilder.ts": {"path":"/Users/amei/Documents/CS5500/CalcSheetPro/src/Engine/FormulaBuilder.ts","statementMap":{"0":{"start":{"line":15,"column":0},"end":{"line":15,"column":26}},"1":{"start":{"line":20,"column":10},"end":{"line":20,"column":36}},"2":{"start":{"line":23,"column":4},"end":{"line":23,"column":22}},"3":{"start":{"line":33,"column":4},"end":{"line":33,"column":24}},"4":{"start":{"line":41,"column":4},"end":{"line":41,"column":32}},"5":{"start":{"line":57,"column":27},"end":{"line":57,"column":32}},"6":{"start":{"line":58,"column":24},"end":{"line":58,"column":29}},"7":{"start":{"line":60,"column":4},"end":{"line":63,"column":null}},"8":{"start":{"line":61,"column":6},"end":{"line":61,"column":46}},"9":{"start":{"line":62,"column":6},"end":{"line":62,"column":13}},"10":{"start":{"line":66,"column":20},"end":{"line":66,"column":57}},"11":{"start":{"line":69,"column":4},"end":{"line":72,"column":null}},"12":{"start":{"line":70,"column":6},"end":{"line":70,"column":25}},"13":{"start":{"line":71,"column":6},"end":{"line":71,"column":30}},"14":{"start":{"line":75,"column":4},"end":{"line":77,"column":null}},"15":{"start":{"line":76,"column":6},"end":{"line":76,"column":27}},"16":{"start":{"line":82,"column":4},"end":{"line":85,"column":null}},"17":{"start":{"line":83,"column":6},"end":{"line":83,"column":31}},"18":{"start":{"line":84,"column":6},"end":{"line":84,"column":null}},"19":{"start":{"line":89,"column":4},"end":{"line":92,"column":null}},"20":{"start":{"line":90,"column":6},"end":{"line":90,"column":25}},"21":{"start":{"line":91,"column":6},"end":{"line":91,"column":30}},"22":{"start":{"line":97,"column":4},"end":{"line":107,"column":null}},"23":{"start":{"line":98,"column":6},"end":{"line":98,"column":56}},"24":{"start":{"line":100,"column":9},"end":{"line":107,"column":null}},"25":{"start":{"line":101,"column":6},"end":{"line":101,"column":46}},"26":{"start":{"line":118,"column":4},"end":{"line":120,"column":null}},"27":{"start":{"line":119,"column":6},"end":{"line":119,"column":13}},"28":{"start":{"line":123,"column":20},"end":{"line":123,"column":57}},"29":{"start":{"line":126,"column":4},"end":{"line":133,"column":null}},"30":{"start":{"line":127,"column":6},"end":{"line":127,"column":63}},"31":{"start":{"line":128,"column":6},"end":{"line":128,"column":56}},"32":{"start":{"line":132,"column":6},"end":{"line":132,"column":25}},"33":{"start":{"line":148,"column":17},"end":{"line":148,"column":19}},"34":{"start":{"line":150,"column":4},"end":{"line":152,"column":null}},"35":{"start":{"line":150,"column":17},"end":{"line":150,"column":18}},"36":{"start":{"line":151,"column":6},"end":{"line":151,"column":38}},"37":{"start":{"line":154,"column":4},"end":{"line":156,"column":null}},"38":{"start":{"line":155,"column":6},"end":{"line":155,"column":54}},"39":{"start":{"line":157,"column":4},"end":{"line":157,"column":18}},"40":{"start":{"line":167,"column":27},"end":{"line":167,"column":29}},"41":{"start":{"line":168,"column":4},"end":{"line":176,"column":null}},"42":{"start":{"line":168,"column":17},"end":{"line":168,"column":18}},"43":{"start":{"line":169,"column":18},"end":{"line":169,"column":28}},"44":{"start":{"line":173,"column":6},"end":{"line":175,"column":null}},"45":{"start":{"line":174,"column":8},"end":{"line":174,"column":27}},"46":{"start":{"line":178,"column":4},"end":{"line":178,"column":18}},"47":{"start":{"line":17,"column":0},"end":{"line":17,"column":13}},"48":{"start":{"line":183,"column":0},"end":{"line":183,"column":30}}},"fnMap":{"0":{"name":"(anonymous_1)","decl":{"start":{"line":22,"column":2},"end":{"line":22,"column":null}},"loc":{"start":{"line":22,"column":2},"end":{"line":24,"column":3}}},"1":{"name":"(anonymous_2)","decl":{"start":{"line":32,"column":2},"end":{"line":32,"column":12}},"loc":{"start":{"line":32,"column":12},"end":{"line":34,"column":3}}},"2":{"name":"(anonymous_3)","decl":{"start":{"line":39,"column":2},"end":{"line":39,"column":12}},"loc":{"start":{"line":39,"column":33},"end":{"line":42,"column":3}}},"3":{"name":"(anonymous_4)","decl":{"start":{"line":56,"column":2},"end":{"line":56,"column":10}},"loc":{"start":{"line":56,"column":27},"end":{"line":109,"column":3}}},"4":{"name":"(anonymous_5)","decl":{"start":{"line":116,"column":2},"end":{"line":116,"column":13}},"loc":{"start":{"line":116,"column":13},"end":{"line":134,"column":3}}},"5":{"name":"(anonymous_6)","decl":{"start":{"line":146,"column":2},"end":{"line":146,"column":18}},"loc":{"start":{"line":146,"column":18},"end":{"line":159,"column":3}}},"6":{"name":"(anonymous_7)","decl":{"start":{"line":166,"column":9},"end":{"line":166,"column":15}},"loc":{"start":{"line":166,"column":51},"end":{"line":179,"column":3}}}},"branchMap":{"0":{"loc":{"start":{"line":60,"column":4},"end":{"line":63,"column":null}},"type":"if","locations":[{"start":{"line":60,"column":4},"end":{"line":63,"column":null}}]},"1":{"loc":{"start":{"line":69,"column":4},"end":{"line":72,"column":null}},"type":"if","locations":[{"start":{"line":69,"column":4},"end":{"line":72,"column":null}}]},"2":{"loc":{"start":{"line":69,"column":8},"end":{"line":69,"column":58}},"type":"binary-expr","locations":[{"start":{"line":69,"column":8},"end":{"line":69,"column":33}},{"start":{"line":69,"column":37},"end":{"line":69,"column":58}}]},"3":{"loc":{"start":{"line":75,"column":4},"end":{"line":77,"column":null}},"type":"if","locations":[{"start":{"line":75,"column":4},"end":{"line":77,"column":null}}]},"4":{"loc":{"start":{"line":75,"column":8},"end":{"line":75,"column":49}},"type":"binary-expr","locations":[{"start":{"line":75,"column":8},"end":{"line":75,"column":32}},{"start":{"line":75,"column":36},"end":{"line":75,"column":49}}]},"5":{"loc":{"start":{"line":82,"column":4},"end":{"line":85,"column":null}},"type":"if","locations":[{"start":{"line":82,"column":4},"end":{"line":85,"column":null}}]},"6":{"loc":{"start":{"line":82,"column":8},"end":{"line":82,"column":77}},"type":"binary-expr","locations":[{"start":{"line":82,"column":8},"end":{"line":82,"column":33}},{"start":{"line":82,"column":37},"end":{"line":82,"column":50}},{"start":{"line":82,"column":54},"end":{"line":82,"column":77}}]},"7":{"loc":{"start":{"line":89,"column":4},"end":{"line":92,"column":null}},"type":"if","locations":[{"start":{"line":89,"column":4},"end":{"line":92,"column":null}}]},"8":{"loc":{"start":{"line":89,"column":8},"end":{"line":89,"column":78}},"type":"binary-expr","locations":[{"start":{"line":89,"column":8},"end":{"line":89,"column":33}},{"start":{"line":89,"column":37},"end":{"line":89,"column":50}},{"start":{"line":89,"column":54},"end":{"line":89,"column":78}}]},"9":{"loc":{"start":{"line":97,"column":4},"end":{"line":107,"column":null}},"type":"if","locations":[{"start":{"line":97,"column":4},"end":{"line":107,"column":null}},{"start":{"line":100,"column":9},"end":{"line":107,"column":null}}]},"10":{"loc":{"start":{"line":100,"column":9},"end":{"line":107,"column":null}},"type":"if","locations":[{"start":{"line":100,"column":9},"end":{"line":107,"column":null}},{"start":{"line":103,"column":9},"end":{"line":107,"column":null}}]},"11":{"loc":{"start":{"line":118,"column":4},"end":{"line":120,"column":null}},"type":"if","locations":[{"start":{"line":118,"column":4},"end":{"line":120,"column":null}}]},"12":{"loc":{"start":{"line":126,"column":4},"end":{"line":133,"column":null}},"type":"if","locations":[{"start":{"line":126,"column":4},"end":{"line":133,"column":null}},{"start":{"line":130,"column":9},"end":{"line":133,"column":null}}]},"13":{"loc":{"start":{"line":126,"column":8},"end":{"line":126,"column":57}},"type":"binary-expr","locations":[{"start":{"line":126,"column":8},"end":{"line":126,"column":33}},{"start":{"line":126,"column":37},"end":{"line":126,"column":57}}]},"14":{"loc":{"start":{"line":154,"column":4},"end":{"line":156,"column":null}},"type":"if","locations":[{"start":{"line":154,"column":4},"end":{"line":156,"column":null}}]},"15":{"loc":{"start":{"line":173,"column":6},"end":{"line":175,"column":null}},"type":"if","locations":[{"start":{"line":173,"column":6},"end":{"line":175,"column":null}}]},"16":{"loc":{"start":{"line":173,"column":10},"end":{"line":173,"column":65}},"type":"binary-expr","locations":[{"start":{"line":173,"column":10},"end":{"line":173,"column":38}},{"start":{"line":173,"column":42},"end":{"line":173,"column":65}}]}},"s":{"0":5,"1":296,"2":296,"3":70,"4":118,"5":58,"6":58,"7":58,"8":24,"9":24,"10":34,"11":34,"12":4,"13":4,"14":34,"15":1,"16":34,"17":1,"18":1,"19":34,"20":2,"21":2,"22":34,"23":6,"24":28,"25":26,"26":8,"27":1,"28":7,"29":7,"30":2,"31":2,"32":5,"33":52,"34":52,"35":52,"36":93,"37":52,"38":44,"39":52,"40":934,"41":934,"42":934,"43":224,"44":224,"45":67,"46":934,"47":5,"48":5},"f":{"0":296,"1":70,"2":118,"3":58,"4":8,"5":52,"6":934},"b":{"0":[24],"1":[4],"2":[34,19],"3":[1],"4":[34,15],"5":[1],"6":[34,19,3],"7":[2],"8":[34,19,3],"9":[6,28],"10":[26,2],"11":[1],"12":[2,5],"13":[7,3],"14":[44],"15":[67],"16":[224,69]}}
,"/Users/amei/Documents/CS5500/CalcSheetPro/src/Engine/FormulaEvaluator.ts": {"path":"/Users/amei/Documents/CS5500/CalcSheetPro/src/Engine/FormulaEvaluator.ts","statementMap":{"0":{"start":{"line":1,"column":0},"end":{"line":1,"column":25}},"1":{"start":{"line":3,"column":0},"end":{"line":3,"column":52}},"2":{"start":{"line":9,"column":10},"end":{"line":9,"column":41}},"3":{"start":{"line":10,"column":10},"end":{"line":10,"column":37}},"4":{"start":{"line":11,"column":10},"end":{"line":11,"column":44}},"5":{"start":{"line":12,"column":10},"end":{"line":12,"column":34}},"6":{"start":{"line":14,"column":10},"end":{"line":14,"column":30}},"7":{"start":{"line":18,"column":4},"end":{"line":18,"column":31}},"8":{"start":{"line":60,"column":4},"end":{"line":60,"column":40}},"9":{"start":{"line":62,"column":4},"end":{"line":62,"column":25}},"10":{"start":{"line":65,"column":4},"end":{"line":69,"column":null}},"11":{"start":{"line":66,"column":6},"end":{"line":66,"column":54}},"12":{"start":{"line":67,"column":6},"end":{"line":67,"column":23}},"13":{"start":{"line":68,"column":6},"end":{"line":68,"column":13}},"14":{"start":{"line":71,"column":4},"end":{"line":71,"column":31}},"15":{"start":{"line":74,"column":4},"end":{"line":74,"column":28}},"16":{"start":{"line":77,"column":22},"end":{"line":77,"column":39}},"17":{"start":{"line":78,"column":4},"end":{"line":78,"column":31}},"18":{"start":{"line":82,"column":4},"end":{"line":85,"column":null}},"19":{"start":{"line":83,"column":6},"end":{"line":83,"column":32}},"20":{"start":{"line":84,"column":6},"end":{"line":84,"column":56}},"21":{"start":{"line":88,"column":4},"end":{"line":90,"column":null}},"22":{"start":{"line":89,"column":6},"end":{"line":89,"column":38}},"23":{"start":{"line":95,"column":4},"end":{"line":95,"column":null}},"24":{"start":{"line":99,"column":4},"end":{"line":99,"column":24}},"25":{"start":{"line":108,"column":17},"end":{"line":108,"column":28}},"26":{"start":{"line":109,"column":4},"end":{"line":118,"column":null}},"27":{"start":{"line":110,"column":21},"end":{"line":110,"column":49}},"28":{"start":{"line":111,"column":17},"end":{"line":111,"column":28}},"29":{"start":{"line":112,"column":6},"end":{"line":117,"column":null}},"30":{"start":{"line":113,"column":8},"end":{"line":113,"column":23}},"31":{"start":{"line":116,"column":8},"end":{"line":116,"column":23}},"32":{"start":{"line":120,"column":4},"end":{"line":120,"column":30}},"33":{"start":{"line":121,"column":4},"end":{"line":121,"column":18}},"34":{"start":{"line":130,"column":17},"end":{"line":130,"column":30}},"35":{"start":{"line":131,"column":4},"end":{"line":147,"column":null}},"36":{"start":{"line":132,"column":21},"end":{"line":132,"column":49}},"37":{"start":{"line":133,"column":19},"end":{"line":133,"column":32}},"38":{"start":{"line":134,"column":6},"end":{"line":146,"column":null}},"39":{"start":{"line":135,"column":8},"end":{"line":135,"column":25}},"40":{"start":{"line":138,"column":8},"end":{"line":143,"column":null}},"41":{"start":{"line":139,"column":10},"end":{"line":139,"column":36}},"42":{"start":{"line":140,"column":10},"end":{"line":140,"column":58}},"43":{"start":{"line":141,"column":10},"end":{"line":141,"column":38}},"44":{"start":{"line":142,"column":10},"end":{"line":142,"column":26}},"45":{"start":{"line":145,"column":8},"end":{"line":145,"column":25}},"46":{"start":{"line":149,"column":4},"end":{"line":149,"column":30}},"47":{"start":{"line":150,"column":4},"end":{"line":150,"column":18}},"48":{"start":{"line":159,"column":17},"end":{"line":159,"column":18}},"49":{"start":{"line":163,"column":4},"end":{"line":167,"column":null}},"50":{"start":{"line":164,"column":6},"end":{"line":164,"column":32}},"51":{"start":{"line":165,"column":6},"end":{"line":165,"column":49}},"52":{"start":{"line":166,"column":6},"end":{"line":166,"column":20}},"53":{"start":{"line":170,"column":16},"end":{"line":170,"column":44}},"54":{"start":{"line":174,"column":4},"end":{"line":201,"column":null}},"55":{"start":{"line":175,"column":6},"end":{"line":175,"column":29}},"56":{"start":{"line":176,"column":6},"end":{"line":176,"column":32}},"57":{"start":{"line":179,"column":11},"end":{"line":201,"column":null}},"58":{"start":{"line":180,"column":6},"end":{"line":180,"column":33}},"59":{"start":{"line":181,"column":6},"end":{"line":185,"column":null}},"60":{"start":{"line":182,"column":8},"end":{"line":182,"column":34}},"61":{"start":{"line":183,"column":8},"end":{"line":183,"column":62}},"62":{"start":{"line":184,"column":8},"end":{"line":184,"column":null}},"63":{"start":{"line":188,"column":11},"end":{"line":201,"column":null}},"64":{"start":{"line":189,"column":6},"end":{"line":189,"column":62}},"65":{"start":{"line":192,"column":6},"end":{"line":195,"column":null}},"66":{"start":{"line":193,"column":8},"end":{"line":193,"column":34}},"67":{"start":{"line":194,"column":8},"end":{"line":194,"column":34}},"68":{"start":{"line":199,"column":6},"end":{"line":199,"column":32}},"69":{"start":{"line":200,"column":6},"end":{"line":200,"column":56}},"70":{"start":{"line":202,"column":4},"end":{"line":202,"column":18}},"71":{"start":{"line":211,"column":4},"end":{"line":211,"column":33}},"72":{"start":{"line":222,"column":4},"end":{"line":222,"column":40}},"73":{"start":{"line":235,"column":15},"end":{"line":235,"column":54}},"74":{"start":{"line":236,"column":18},"end":{"line":236,"column":35}},"75":{"start":{"line":237,"column":16},"end":{"line":237,"column":31}},"76":{"start":{"line":240,"column":4},"end":{"line":242,"column":null}},"77":{"start":{"line":241,"column":6},"end":{"line":241,"column":24}},"78":{"start":{"line":245,"column":4},"end":{"line":247,"column":null}},"79":{"start":{"line":246,"column":6},"end":{"line":246,"column":44}},"80":{"start":{"line":250,"column":16},"end":{"line":250,"column":31}},"81":{"start":{"line":251,"column":4},"end":{"line":251,"column":23}},"82":{"start":{"line":7,"column":0},"end":{"line":7,"column":13}},"83":{"start":{"line":258,"column":0},"end":{"line":258,"column":32}}},"fnMap":{"0":{"name":"(anonymous_1)","decl":{"start":{"line":17,"column":2},"end":{"line":17,"column":14}},"loc":{"start":{"line":17,"column":33},"end":{"line":19,"column":3}}},"1":{"name":"(anonymous_2)","decl":{"start":{"line":54,"column":2},"end":{"line":54,"column":10}},"loc":{"start":{"line":54,"column":31},"end":{"line":92,"column":3}}},"2":{"name":"(anonymous_3)","decl":{"start":{"line":94,"column":2},"end":{"line":94,"column":13}},"loc":{"start":{"line":94,"column":18},"end":{"line":96,"column":3}}},"3":{"name":"(anonymous_4)","decl":{"start":{"line":98,"column":2},"end":{"line":98,"column":13}},"loc":{"start":{"line":98,"column":19},"end":{"line":100,"column":3}}},"4":{"name":"(anonymous_5)","decl":{"start":{"line":107,"column":10},"end":{"line":107,"column":20}},"loc":{"start":{"line":107,"column":20},"end":{"line":122,"column":3}}},"5":{"name":"(anonymous_6)","decl":{"start":{"line":129,"column":10},"end":{"line":129,"column":14}},"loc":{"start":{"line":129,"column":14},"end":{"line":151,"column":3}}},"6":{"name":"(anonymous_7)","decl":{"start":{"line":158,"column":10},"end":{"line":158,"column":16}},"loc":{"start":{"line":158,"column":16},"end":{"line":203,"column":3}}},"7":{"name":"(anonymous_8)","decl":{"start":{"line":210,"column":2},"end":{"line":210,"column":10}},"loc":{"start":{"line":210,"column":27},"end":{"line":212,"column":3}}},"8":{"name":"(anonymous_9)","decl":{"start":{"line":220,"column":2},"end":{"line":220,"column":17}},"loc":{"start":{"line":220,"column":34},"end":{"line":223,"column":3}}},"9":{"name":"(anonymous_10)","decl":{"start":{"line":233,"column":2},"end":{"line":233,"column":14}},"loc":{"start":{"line":233,"column":31},"end":{"line":253,"column":3}}}},"branchMap":{"0":{"loc":{"start":{"line":65,"column":4},"end":{"line":69,"column":null}},"type":"if","locations":[{"start":{"line":65,"column":4},"end":{"line":69,"column":null}}]},"1":{"loc":{"start":{"line":82,"column":4},"end":{"line":85,"column":null}},"type":"if","locations":[{"start":{"line":82,"column":4},"end":{"line":85,"column":null}}]},"2":{"loc":{"start":{"line":82,"column":8},"end":{"line":82,"column":62}},"type":"binary-expr","locations":[{"start":{"line":82,"column":8},"end":{"line":82,"column":39}},{"start":{"line":82,"column":43},"end":{"line":82,"column":62}}]},"3":{"loc":{"start":{"line":88,"column":4},"end":{"line":90,"column":null}},"type":"if","locations":[{"start":{"line":88,"column":4},"end":{"line":90,"column":null}}]},"4":{"loc":{"start":{"line":109,"column":11},"end":{"line":109,"column":114}},"type":"binary-expr","locations":[{"start":{"line":109,"column":11},"end":{"line":109,"column":42}},{"start":{"line":109,"column":47},"end":{"line":109,"column":78}},{"start":{"line":109,"column":82},"end":{"line":109,"column":113}}]},"5":{"loc":{"start":{"line":112,"column":6},"end":{"line":117,"column":null}},"type":"if","locations":[{"start":{"line":112,"column":6},"end":{"line":117,"column":null}},{"start":{"line":115,"column":13},"end":{"line":117,"column":null}}]},"6":{"loc":{"start":{"line":131,"column":11},"end":{"line":131,"column":114}},"type":"binary-expr","locations":[{"start":{"line":131,"column":11},"end":{"line":131,"column":42}},{"start":{"line":131,"column":47},"end":{"line":131,"column":78}},{"start":{"line":131,"column":82},"end":{"line":131,"column":113}}]},"7":{"loc":{"start":{"line":134,"column":6},"end":{"line":146,"column":null}},"type":"if","locations":[{"start":{"line":134,"column":6},"end":{"line":146,"column":null}},{"start":{"line":136,"column":13},"end":{"line":146,"column":null}}]},"8":{"loc":{"start":{"line":138,"column":8},"end":{"line":143,"column":null}},"type":"if","locations":[{"start":{"line":138,"column":8},"end":{"line":143,"column":null}}]},"9":{"loc":{"start":{"line":163,"column":4},"end":{"line":167,"column":null}},"type":"if","locations":[{"start":{"line":163,"column":4},"end":{"line":167,"column":null}}]},"10":{"loc":{"start":{"line":174,"column":4},"end":{"line":201,"column":null}},"type":"if","locations":[{"start":{"line":174,"column":4},"end":{"line":201,"column":null}},{"start":{"line":179,"column":11},"end":{"line":201,"column":null}}]},"11":{"loc":{"start":{"line":179,"column":11},"end":{"line":201,"column":null}},"type":"if","locations":[{"start":{"line":179,"column":11},"end":{"line":201,"column":null}},{"start":{"line":188,"column":11},"end":{"line":201,"column":null}}]},"12":{"loc":{"start":{"line":181,"column":6},"end":{"line":185,"column":null}},"type":"if","locations":[{"start":{"line":181,"column":6},"end":{"line":185,"column":null}}]},"13":{"loc":{"start":{"line":181,"column":10},"end":{"line":181,"column":83}},"type":"binary-expr","locations":[{"start":{"line":181,"column":10},"end":{"line":181,"column":43}},{"start":{"line":181,"column":47},"end":{"line":181,"column":83}}]},"14":{"loc":{"start":{"line":188,"column":11},"end":{"line":201,"column":null}},"type":"if","locations":[{"start":{"line":188,"column":11},"end":{"line":201,"column":null}},{"start":{"line":198,"column":11},"end":{"line":201,"column":null}}]},"15":{"loc":{"start":{"line":192,"column":6},"end":{"line":195,"column":null}},"type":"if","locations":[{"start":{"line":192,"column":6},"end":{"line":195,"column":null}}]},"16":{"loc":{"start":{"line":240,"column":4},"end":{"line":242,"column":null}},"type":"if","locations":[{"start":{"line":240,"column":4},"end":{"line":242,"column":null}}]},"17":{"loc":{"start":{"line":240,"column":8},"end":{"line":240,"column":60}},"type":"binary-expr","locations":[{"start":{"line":240,"column":8},"end":{"line":240,"column":20}},{"start":{"line":240,"column":24},"end":{"line":240,"column":60}}]},"18":{"loc":{"start":{"line":245,"column":4},"end":{"line":247,"column":null}},"type":"if","locations":[{"start":{"line":245,"column":4},"end":{"line":247,"column":null}}]}},"s":{"0":4,"1":4,"2":295,"3":295,"4":295,"5":295,"6":295,"7":295,"8":865,"9":865,"10":865,"11":774,"12":774,"13":774,"14":91,"15":91,"16":91,"17":91,"18":91,"19":1,"20":1,"21":91,"22":38,"23":865,"24":865,"25":93,"26":93,"27":61,"28":61,"29":61,"30":59,"31":2,"32":93,"33":93,"34":154,"35":154,"36":5,"37":5,"38":5,"39":2,"40":3,"41":1,"42":1,"43":1,"44":1,"45":2,"46":153,"47":153,"48":159,"49":159,"50":21,"51":21,"52":21,"53":138,"54":138,"55":105,"56":105,"57":33,"58":2,"59":2,"60":1,"61":1,"62":1,"63":31,"64":29,"65":29,"66":15,"67":15,"68":2,"69":2,"70":138,"71":138,"72":31,"73":29,"74":29,"75":29,"76":29,"77":3,"78":26,"79":12,"80":14,"81":14,"82":4,"83":4},"f":{"0":295,"1":865,"2":865,"3":865,"4":93,"5":154,"6":159,"7":138,"8":31,"9":29},"b":{"0":[774],"1":[1],"2":[91,1],"3":[38],"4":[154,63,4],"5":[59,2],"6":[158,68,66],"7":[2,3],"8":[1],"9":[21],"10":[105,33],"11":[2,31],"12":[1],"13":[2,1],"14":[29,2],"15":[15],"16":[3],"17":[29,15],"18":[12]}}
,"/Users/amei/Documents/CS5500/CalcSheetPro/src/Engine/GlobalDefinitions.ts": {"path":"/Users/amei/Documents/CS5500/CalcSheetPro/src/Engine/GlobalDefinitions.ts","statementMap":{"0":{"start":{"line":2,"column":13},"end":{"line":12,"column":null}},"1":{"start":{"line":14,"column":13},"end":{"line":20,"column":null}}},"fnMap":{},"branchMap":{},"s":{"0":9,"1":9},"f":{},"b":{}}
,"/Users/amei/Documents/CS5500/CalcSheetPro/src/Engine/SheetMemory.ts": {"path":"/Users/amei/Documents/CS5500/CalcSheetPro/src/Engine/SheetMemory.ts","statementMap":{"0":{"start":{"line":28,"column":0},"end":{"line":28,"column":26}},"1":{"start":{"line":33,"column":12},"end":{"line":33,"column":28}},"2":{"start":{"line":35,"column":12},"end":{"line":35,"column":28}},"3":{"start":{"line":36,"column":12},"end":{"line":36,"column":31}},"4":{"start":{"line":41,"column":8},"end":{"line":41,"column":35}},"5":{"start":{"line":42,"column":8},"end":{"line":42,"column":29}},"6":{"start":{"line":44,"column":8},"end":{"line":44,"column":25}},"7":{"start":{"line":45,"column":8},"end":{"line":52,"column":null}},"8":{"start":{"line":45,"column":26},"end":{"line":45,"column":27}},"9":{"start":{"line":46,"column":12},"end":{"line":46,"column":37}},"10":{"start":{"line":47,"column":12},"end":{"line":51,"column":null}},"11":{"start":{"line":47,"column":27},"end":{"line":47,"column":28}},"12":{"start":{"line":48,"column":27},"end":{"line":48,"column":37}},"13":{"start":{"line":49,"column":16},"end":{"line":49,"column":65}},"14":{"start":{"line":50,"column":16},"end":{"line":50,"column":48}},"15":{"start":{"line":62,"column":8},"end":{"line":62,"column":29}},"16":{"start":{"line":72,"column":8},"end":{"line":72,"column":32}},"17":{"start":{"line":81,"column":8},"end":{"line":81,"column":55}},"18":{"start":{"line":92,"column":8},"end":{"line":92,"column":31}},"19":{"start":{"line":93,"column":8},"end":{"line":93,"column":37}},"20":{"start":{"line":103,"column":30},"end":{"line":103,"column":57}},"21":{"start":{"line":104,"column":8},"end":{"line":104,"column":54}},"22":{"start":{"line":114,"column":8},"end":{"line":114,"column":66}},"23":{"start":{"line":124,"column":8},"end":{"line":124,"column":66}},"24":{"start":{"line":140,"column":30},"end":{"line":140,"column":57}},"25":{"start":{"line":142,"column":8},"end":{"line":142,"column":40}},"26":{"start":{"line":152,"column":30},"end":{"line":152,"column":57}},"27":{"start":{"line":153,"column":8},"end":{"line":153,"column":40}},"28":{"start":{"line":163,"column":8},"end":{"line":163,"column":79}},"29":{"start":{"line":173,"column":32},"end":{"line":173,"column":82}},"30":{"start":{"line":174,"column":8},"end":{"line":174,"column":36}},"31":{"start":{"line":186,"column":41},"end":{"line":186,"column":43}},"32":{"start":{"line":187,"column":8},"end":{"line":196,"column":null}},"33":{"start":{"line":187,"column":26},"end":{"line":187,"column":27}},"34":{"start":{"line":188,"column":12},"end":{"line":188,"column":40}},"35":{"start":{"line":189,"column":12},"end":{"line":195,"column":null}},"36":{"start":{"line":189,"column":27},"end":{"line":189,"column":28}},"37":{"start":{"line":190,"column":38},"end":{"line":190,"column":81}},"38":{"start":{"line":192,"column":16},"end":{"line":192,"column":60}},"39":{"start":{"line":197,"column":8},"end":{"line":197,"column":30}},"40":{"start":{"line":204,"column":33},"end":{"line":208,"column":10}},"41":{"start":{"line":210,"column":8},"end":{"line":222,"column":null}},"42":{"start":{"line":210,"column":26},"end":{"line":210,"column":27}},"43":{"start":{"line":211,"column":12},"end":{"line":221,"column":null}},"44":{"start":{"line":211,"column":27},"end":{"line":211,"column":28}},"45":{"start":{"line":212,"column":29},"end":{"line":212,"column":53}},"46":{"start":{"line":213,"column":30},"end":{"line":213,"column":63}},"47":{"start":{"line":215,"column":33},"end":{"line":219,"column":null}},"48":{"start":{"line":220,"column":16},"end":{"line":220,"column":52}},"49":{"start":{"line":224,"column":8},"end":{"line":224,"column":27}},"50":{"start":{"line":228,"column":28},"end":{"line":228,"column":49}},"51":{"start":{"line":229,"column":26},"end":{"line":229,"column":53}},"52":{"start":{"line":230,"column":8},"end":{"line":230,"column":25}},"53":{"start":{"line":234,"column":28},"end":{"line":234,"column":50}},"54":{"start":{"line":235,"column":27},"end":{"line":235,"column":46}},"55":{"start":{"line":236,"column":24},"end":{"line":236,"column":40}},"56":{"start":{"line":237,"column":8},"end":{"line":239,"column":null}},"57":{"start":{"line":238,"column":12},"end":{"line":238,"column":80}},"58":{"start":{"line":241,"column":8},"end":{"line":254,"column":null}},"59":{"start":{"line":242,"column":12},"end":{"line":253,"column":null}},"60":{"start":{"line":243,"column":35},"end":{"line":243,"column":59}},"61":{"start":{"line":244,"column":32},"end":{"line":244,"column":50}},"62":{"start":{"line":245,"column":30},"end":{"line":245,"column":46}},"63":{"start":{"line":246,"column":30},"end":{"line":246,"column":46}},"64":{"start":{"line":247,"column":29},"end":{"line":247,"column":39}},"65":{"start":{"line":248,"column":16},"end":{"line":248,"column":41}},"66":{"start":{"line":249,"column":16},"end":{"line":249,"column":37}},"67":{"start":{"line":250,"column":16},"end":{"line":250,"column":37}},"68":{"start":{"line":252,"column":16},"end":{"line":252,"column":49}},"69":{"start":{"line":264,"column":28},"end":{"line":264,"column":50}},"70":{"start":{"line":265,"column":27},"end":{"line":265,"column":46}},"71":{"start":{"line":266,"column":24},"end":{"line":266,"column":40}},"72":{"start":{"line":267,"column":22},"end":{"line":267,"column":58}},"73":{"start":{"line":269,"column":8},"end":{"line":282,"column":null}},"74":{"start":{"line":270,"column":12},"end":{"line":281,"column":null}},"75":{"start":{"line":271,"column":35},"end":{"line":271,"column":59}},"76":{"start":{"line":272,"column":32},"end":{"line":272,"column":50}},"77":{"start":{"line":273,"column":30},"end":{"line":273,"column":46}},"78":{"start":{"line":274,"column":30},"end":{"line":274,"column":46}},"79":{"start":{"line":275,"column":29},"end":{"line":275,"column":39}},"80":{"start":{"line":276,"column":16},"end":{"line":276,"column":41}},"81":{"start":{"line":277,"column":16},"end":{"line":277,"column":37}},"82":{"start":{"line":278,"column":16},"end":{"line":278,"column":37}},"83":{"start":{"line":280,"column":16},"end":{"line":280,"column":50}},"84":{"start":{"line":284,"column":8},"end":{"line":284,"column":21}},"85":{"start":{"line":30,"column":0},"end":{"line":30,"column":13}},"86":{"start":{"line":294,"column":0},"end":{"line":294,"column":27}}},"fnMap":{"0":{"name":"(anonymous_1)","decl":{"start":{"line":39,"column":4},"end":{"line":39,"column":16}},"loc":{"start":{"line":39,"column":45},"end":{"line":53,"column":5}}},"1":{"name":"(anonymous_2)","decl":{"start":{"line":61,"column":4},"end":{"line":61,"column":14}},"loc":{"start":{"line":61,"column":14},"end":{"line":63,"column":5}}},"2":{"name":"(anonymous_3)","decl":{"start":{"line":71,"column":4},"end":{"line":71,"column":17}},"loc":{"start":{"line":71,"column":17},"end":{"line":73,"column":5}}},"3":{"name":"(anonymous_4)","decl":{"start":{"line":80,"column":4},"end":{"line":80,"column":31}},"loc":{"start":{"line":80,"column":31},"end":{"line":82,"column":5}}},"4":{"name":"(anonymous_5)","decl":{"start":{"line":91,"column":4},"end":{"line":91,"column":31}},"loc":{"start":{"line":91,"column":59},"end":{"line":94,"column":5}}},"5":{"name":"(anonymous_6)","decl":{"start":{"line":102,"column":4},"end":{"line":102,"column":25}},"loc":{"start":{"line":102,"column":39},"end":{"line":105,"column":5}}},"6":{"name":"(anonymous_7)","decl":{"start":{"line":112,"column":4},"end":{"line":112,"column":18}},"loc":{"start":{"line":112,"column":29},"end":{"line":115,"column":5}}},"7":{"name":"(anonymous_8)","decl":{"start":{"line":123,"column":4},"end":{"line":123,"column":18}},"loc":{"start":{"line":123,"column":18},"end":{"line":125,"column":5}}},"8":{"name":"(anonymous_9)","decl":{"start":{"line":139,"column":4},"end":{"line":139,"column":18}},"loc":{"start":{"line":139,"column":32},"end":{"line":143,"column":5}}},"9":{"name":"(anonymous_10)","decl":{"start":{"line":151,"column":4},"end":{"line":151,"column":18}},"loc":{"start":{"line":151,"column":44},"end":{"line":154,"column":5}}},"10":{"name":"(anonymous_11)","decl":{"start":{"line":162,"column":4},"end":{"line":162,"column":25}},"loc":{"start":{"line":162,"column":46},"end":{"line":164,"column":5}}},"11":{"name":"(anonymous_12)","decl":{"start":{"line":172,"column":4},"end":{"line":172,"column":23}},"loc":{"start":{"line":172,"column":37},"end":{"line":175,"column":5}}},"12":{"name":"(anonymous_13)","decl":{"start":{"line":185,"column":4},"end":{"line":185,"column":26}},"loc":{"start":{"line":185,"column":26},"end":{"line":198,"column":5}}},"13":{"name":"(anonymous_14)","decl":{"start":{"line":203,"column":11},"end":{"line":203,"column":25}},"loc":{"start":{"line":203,"column":25},"end":{"line":225,"column":5}}},"14":{"name":"(anonymous_15)","decl":{"start":{"line":227,"column":11},"end":{"line":227,"column":22}},"loc":{"start":{"line":227,"column":22},"end":{"line":231,"column":5}}},"15":{"name":"(anonymous_16)","decl":{"start":{"line":233,"column":11},"end":{"line":233,"column":30}},"loc":{"start":{"line":233,"column":49},"end":{"line":255,"column":5}}},"16":{"name":"(anonymous_17)","decl":{"start":{"line":263,"column":11},"end":{"line":263,"column":17}},"loc":{"start":{"line":263,"column":56},"end":{"line":285,"column":5}}}},"branchMap":{"0":{"loc":{"start":{"line":237,"column":8},"end":{"line":239,"column":null}},"type":"if","locations":[{"start":{"line":237,"column":8},"end":{"line":239,"column":null}}]},"1":{"loc":{"start":{"line":237,"column":12},"end":{"line":237,"column":72}},"type":"binary-expr","locations":[{"start":{"line":237,"column":12},"end":{"line":237,"column":43}},{"start":{"line":237,"column":47},"end":{"line":237,"column":72}}]},"2":{"loc":{"start":{"line":242,"column":12},"end":{"line":253,"column":null}},"type":"if","locations":[{"start":{"line":242,"column":12},"end":{"line":253,"column":null}}]},"3":{"loc":{"start":{"line":270,"column":12},"end":{"line":281,"column":null}},"type":"if","locations":[{"start":{"line":270,"column":12},"end":{"line":281,"column":null}}]}},"s":{"0":5,"1":275,"2":275,"3":275,"4":275,"5":275,"6":275,"7":275,"8":275,"9":711,"10":711,"11":711,"12":2256,"13":2256,"14":2256,"15":2235,"16":552,"17":2,"18":105,"19":105,"20":9,"21":9,"22":105,"23":7,"24":3072,"25":3072,"26":2651,"27":2651,"28":1,"29":1,"30":1,"31":1,"32":1,"33":1,"34":3,"35":3,"36":3,"37":9,"38":9,"39":1,"40":80,"41":80,"42":80,"43":162,"44":162,"45":332,"46":332,"47":332,"48":332,"49":80,"50":49,"51":49,"52":49,"53":196,"54":196,"55":196,"56":196,"57":1,"58":195,"59":816,"60":816,"61":816,"62":816,"63":816,"64":816,"65":816,"66":816,"67":816,"68":816,"69":1,"70":1,"71":1,"72":1,"73":1,"74":4,"75":4,"76":4,"77":4,"78":4,"79":4,"80":4,"81":4,"82":4,"83":4,"84":1,"85":5,"86":5},"f":{"0":275,"1":2235,"2":552,"3":2,"4":105,"5":9,"6":105,"7":7,"8":3072,"9":2651,"10":1,"11":1,"12":1,"13":80,"14":49,"15":196,"16":1},"b":{"0":[1],"1":[196,196],"2":[816],"3":[4]}}
,"/Users/amei/Documents/CS5500/CalcSheetPro/src/Engine/SpreadSheetController.ts": {"path":"/Users/amei/Documents/CS5500/CalcSheetPro/src/Engine/SpreadSheetController.ts","statementMap":{"0":{"start":{"line":1,"column":0},"end":{"line":1,"column":39}},"1":{"start":{"line":2,"column":0},"end":{"line":2,"column":49}},"2":{"start":{"line":3,"column":0},"end":{"line":3,"column":53}},"3":{"start":{"line":4,"column":0},"end":{"line":4,"column":46}},"4":{"start":{"line":6,"column":0},"end":{"line":6,"column":54}},"5":{"start":{"line":38,"column":10},"end":{"line":38,"column":33}},"6":{"start":{"line":39,"column":10},"end":{"line":39,"column":36}},"7":{"start":{"line":43,"column":10},"end":{"line":43,"column":98}},"8":{"start":{"line":44,"column":10},"end":{"line":44,"column":77}},"9":{"start":{"line":71,"column":4},"end":{"line":71,"column":50}},"10":{"start":{"line":72,"column":4},"end":{"line":72,"column":64}},"11":{"start":{"line":73,"column":4},"end":{"line":73,"column":56}},"12":{"start":{"line":74,"column":4},"end":{"line":74,"column":48}},"13":{"start":{"line":75,"column":4},"end":{"line":75,"column":36}},"14":{"start":{"line":83,"column":4},"end":{"line":89,"column":null}},"15":{"start":{"line":84,"column":23},"end":{"line":84,"column":56}},"16":{"start":{"line":85,"column":6},"end":{"line":87,"column":null}},"17":{"start":{"line":86,"column":8},"end":{"line":86,"column":59}},"18":{"start":{"line":88,"column":6},"end":{"line":88,"column":35}},"19":{"start":{"line":92,"column":4},"end":{"line":98,"column":null}},"20":{"start":{"line":93,"column":21},"end":{"line":93,"column":52}},"21":{"start":{"line":94,"column":6},"end":{"line":94,"column":33}},"22":{"start":{"line":95,"column":6},"end":{"line":95,"column":50}},"23":{"start":{"line":96,"column":6},"end":{"line":96,"column":94}},"24":{"start":{"line":97,"column":6},"end":{"line":97,"column":13}},"25":{"start":{"line":106,"column":19},"end":{"line":106,"column":52}},"26":{"start":{"line":109,"column":4},"end":{"line":111,"column":null}},"27":{"start":{"line":110,"column":6},"end":{"line":110,"column":46}},"28":{"start":{"line":114,"column":4},"end":{"line":116,"column":null}},"29":{"start":{"line":115,"column":6},"end":{"line":115,"column":18}},"30":{"start":{"line":119,"column":32},"end":{"line":119,"column":69}},"31":{"start":{"line":120,"column":4},"end":{"line":122,"column":null}},"32":{"start":{"line":121,"column":6},"end":{"line":121,"column":19}},"33":{"start":{"line":125,"column":4},"end":{"line":125,"column":48}},"34":{"start":{"line":126,"column":24},"end":{"line":126,"column":57}},"35":{"start":{"line":129,"column":4},"end":{"line":129,"column":34}},"36":{"start":{"line":131,"column":4},"end":{"line":131,"column":16}},"37":{"start":{"line":138,"column":44},"end":{"line":138,"column":88}},"38":{"start":{"line":139,"column":4},"end":{"line":143,"column":null}},"39":{"start":{"line":140,"column":6},"end":{"line":142,"column":null}},"40":{"start":{"line":141,"column":8},"end":{"line":141,"column":51}},"41":{"start":{"line":146,"column":4},"end":{"line":146,"column":41}},"42":{"start":{"line":162,"column":21},"end":{"line":162,"column":55}},"43":{"start":{"line":163,"column":4},"end":{"line":165,"column":null}},"44":{"start":{"line":164,"column":6},"end":{"line":164,"column":13}},"45":{"start":{"line":168,"column":4},"end":{"line":168,"column":44}},"46":{"start":{"line":169,"column":26},"end":{"line":169,"column":70}},"47":{"start":{"line":172,"column":15},"end":{"line":172,"column":60}},"48":{"start":{"line":173,"column":4},"end":{"line":173,"column":58}},"49":{"start":{"line":174,"column":4},"end":{"line":174,"column":56}},"50":{"start":{"line":176,"column":4},"end":{"line":176,"column":57}},"51":{"start":{"line":193,"column":24},"end":{"line":193,"column":57}},"52":{"start":{"line":196,"column":4},"end":{"line":198,"column":null}},"53":{"start":{"line":197,"column":6},"end":{"line":197,"column":13}},"54":{"start":{"line":201,"column":4},"end":{"line":203,"column":null}},"55":{"start":{"line":202,"column":6},"end":{"line":202,"column":13}},"56":{"start":{"line":206,"column":28},"end":{"line":206,"column":79}},"57":{"start":{"line":207,"column":23},"end":{"line":207,"column":45}},"58":{"start":{"line":211,"column":18},"end":{"line":211,"column":106}},"59":{"start":{"line":215,"column":4},"end":{"line":217,"column":null}},"60":{"start":{"line":216,"column":6},"end":{"line":216,"column":41}},"61":{"start":{"line":230,"column":24},"end":{"line":230,"column":57}},"62":{"start":{"line":232,"column":4},"end":{"line":232,"column":46}},"63":{"start":{"line":233,"column":26},"end":{"line":233,"column":70}},"64":{"start":{"line":235,"column":15},"end":{"line":235,"column":60}},"65":{"start":{"line":236,"column":4},"end":{"line":236,"column":62}},"66":{"start":{"line":237,"column":4},"end":{"line":237,"column":56}},"67":{"start":{"line":239,"column":4},"end":{"line":239,"column":57}},"68":{"start":{"line":249,"column":24},"end":{"line":249,"column":57}},"69":{"start":{"line":250,"column":4},"end":{"line":252,"column":null}},"70":{"start":{"line":251,"column":6},"end":{"line":251,"column":13}},"71":{"start":{"line":254,"column":4},"end":{"line":254,"column":47}},"72":{"start":{"line":255,"column":26},"end":{"line":255,"column":70}},"73":{"start":{"line":258,"column":4},"end":{"line":262,"column":null}},"74":{"start":{"line":259,"column":17},"end":{"line":259,"column":61}},"75":{"start":{"line":260,"column":6},"end":{"line":260,"column":64}},"76":{"start":{"line":261,"column":6},"end":{"line":261,"column":57}},"77":{"start":{"line":263,"column":4},"end":{"line":263,"column":57}},"78":{"start":{"line":277,"column":21},"end":{"line":277,"column":54}},"79":{"start":{"line":280,"column":17},"end":{"line":280,"column":65}},"80":{"start":{"line":282,"column":4},"end":{"line":282,"column":59}},"81":{"start":{"line":283,"column":20},"end":{"line":283,"column":63}},"82":{"start":{"line":284,"column":4},"end":{"line":284,"column":19}},"83":{"start":{"line":295,"column":24},"end":{"line":295,"column":57}},"84":{"start":{"line":297,"column":15},"end":{"line":297,"column":66}},"85":{"start":{"line":298,"column":24},"end":{"line":298,"column":47}},"86":{"start":{"line":300,"column":4},"end":{"line":300,"column":25}},"87":{"start":{"line":311,"column":24},"end":{"line":311,"column":57}},"88":{"start":{"line":313,"column":4},"end":{"line":313,"column":34}},"89":{"start":{"line":325,"column":20},"end":{"line":325,"column":49}},"90":{"start":{"line":328,"column":4},"end":{"line":330,"column":null}},"91":{"start":{"line":329,"column":6},"end":{"line":329,"column":41}},"92":{"start":{"line":331,"column":19},"end":{"line":331,"column":53}},"93":{"start":{"line":332,"column":22},"end":{"line":332,"column":40}},"94":{"start":{"line":333,"column":4},"end":{"line":333,"column":40}},"95":{"start":{"line":334,"column":4},"end":{"line":334,"column":59}},"96":{"start":{"line":335,"column":4},"end":{"line":335,"column":57}},"97":{"start":{"line":336,"column":4},"end":{"line":336,"column":45}},"98":{"start":{"line":337,"column":4},"end":{"line":337,"column":21}},"99":{"start":{"line":341,"column":4},"end":{"line":341,"column":38}},"100":{"start":{"line":345,"column":4},"end":{"line":345,"column":43}},"101":{"start":{"line":349,"column":22},"end":{"line":349,"column":38}},"102":{"start":{"line":350,"column":18},"end":{"line":350,"column":37}},"103":{"start":{"line":351,"column":15},"end":{"line":351,"column":31}},"104":{"start":{"line":352,"column":22},"end":{"line":352,"column":62}},"105":{"start":{"line":353,"column":4},"end":{"line":353,"column":42}},"106":{"start":{"line":355,"column":4},"end":{"line":355,"column":23}},"107":{"start":{"line":30,"column":0},"end":{"line":30,"column":13}},"108":{"start":{"line":359,"column":0},"end":{"line":359,"column":37}}},"fnMap":{"0":{"name":"(anonymous_1)","decl":{"start":{"line":70,"column":2},"end":{"line":70,"column":14}},"loc":{"start":{"line":70,"column":43},"end":{"line":76,"column":3}}},"1":{"name":"(anonymous_2)","decl":{"start":{"line":78,"column":2},"end":{"line":78,"column":19}},"loc":{"start":{"line":78,"column":51},"end":{"line":99,"column":3}}},"2":{"name":"(anonymous_3)","decl":{"start":{"line":103,"column":2},"end":{"line":103,"column":19}},"loc":{"start":{"line":103,"column":51},"end":{"line":132,"column":3}}},"3":{"name":"(anonymous_4)","decl":{"start":{"line":136,"column":2},"end":{"line":136,"column":19}},"loc":{"start":{"line":136,"column":32},"end":{"line":148,"column":3}}},"4":{"name":"(anonymous_5)","decl":{"start":{"line":160,"column":2},"end":{"line":160,"column":10}},"loc":{"start":{"line":160,"column":38},"end":{"line":177,"column":3}}},"5":{"name":"(anonymous_6)","decl":{"start":{"line":190,"column":2},"end":{"line":190,"column":9}},"loc":{"start":{"line":190,"column":45},"end":{"line":218,"column":3}}},"6":{"name":"(anonymous_7)","decl":{"start":{"line":229,"column":2},"end":{"line":229,"column":13}},"loc":{"start":{"line":229,"column":26},"end":{"line":240,"column":3}}},"7":{"name":"(anonymous_8)","decl":{"start":{"line":247,"column":2},"end":{"line":247,"column":14}},"loc":{"start":{"line":247,"column":27},"end":{"line":264,"column":3}}},"8":{"name":"(anonymous_9)","decl":{"start":{"line":276,"column":2},"end":{"line":276,"column":25}},"loc":{"start":{"line":276,"column":38},"end":{"line":285,"column":3}}},"9":{"name":"(anonymous_10)","decl":{"start":{"line":294,"column":2},"end":{"line":294,"column":24}},"loc":{"start":{"line":294,"column":37},"end":{"line":301,"column":3}}},"10":{"name":"(anonymous_11)","decl":{"start":{"line":310,"column":2},"end":{"line":310,"column":21}},"loc":{"start":{"line":310,"column":34},"end":{"line":315,"column":3}}},"11":{"name":"(anonymous_12)","decl":{"start":{"line":323,"column":9},"end":{"line":323,"column":26}},"loc":{"start":{"line":323,"column":39},"end":{"line":338,"column":3}}},"12":{"name":"(anonymous_13)","decl":{"start":{"line":340,"column":9},"end":{"line":340,"column":20}},"loc":{"start":{"line":340,"column":20},"end":{"line":342,"column":3}}},"13":{"name":"(anonymous_14)","decl":{"start":{"line":344,"column":9},"end":{"line":344,"column":28}},"loc":{"start":{"line":344,"column":41},"end":{"line":346,"column":3}}},"14":{"name":"(anonymous_15)","decl":{"start":{"line":348,"column":2},"end":{"line":348,"column":8}},"loc":{"start":{"line":348,"column":41},"end":{"line":356,"column":3}}}},"branchMap":{"0":{"loc":{"start":{"line":83,"column":4},"end":{"line":89,"column":null}},"type":"if","locations":[{"start":{"line":83,"column":4},"end":{"line":89,"column":null}}]},"1":{"loc":{"start":{"line":85,"column":6},"end":{"line":87,"column":null}},"type":"if","locations":[{"start":{"line":85,"column":6},"end":{"line":87,"column":null}}]},"2":{"loc":{"start":{"line":85,"column":10},"end":{"line":85,"column":73}},"type":"binary-expr","locations":[{"start":{"line":85,"column":10},"end":{"line":85,"column":36}},{"start":{"line":85,"column":40},"end":{"line":85,"column":73}}]},"3":{"loc":{"start":{"line":92,"column":4},"end":{"line":98,"column":null}},"type":"if","locations":[{"start":{"line":92,"column":4},"end":{"line":98,"column":null}}]},"4":{"loc":{"start":{"line":109,"column":4},"end":{"line":111,"column":null}},"type":"if","locations":[{"start":{"line":109,"column":4},"end":{"line":111,"column":null}}]},"5":{"loc":{"start":{"line":109,"column":8},"end":{"line":109,"column":27}},"type":"cond-expr","locations":[{"start":{"line":109,"column":16},"end":{"line":109,"column":18}},{"start":{"line":109,"column":8},"end":{"line":109,"column":27}}]},"6":{"loc":{"start":{"line":109,"column":8},"end":{"line":109,"column":18}},"type":"binary-expr","locations":[{"start":{"line":109,"column":8},"end":{"line":109,"column":18}},{"start":{"line":109,"column":8},"end":{"line":109,"column":18}}]},"7":{"loc":{"start":{"line":114,"column":4},"end":{"line":116,"column":null}},"type":"if","locations":[{"start":{"line":114,"column":4},"end":{"line":116,"column":null}}]},"8":{"loc":{"start":{"line":114,"column":8},"end":{"line":114,"column":95}},"type":"binary-expr","locations":[{"start":{"line":114,"column":8},"end":{"line":114,"column":45}},{"start":{"line":114,"column":49},"end":{"line":114,"column":95}}]},"9":{"loc":{"start":{"line":120,"column":4},"end":{"line":122,"column":null}},"type":"if","locations":[{"start":{"line":120,"column":4},"end":{"line":122,"column":null}}]},"10":{"loc":{"start":{"line":120,"column":8},"end":{"line":120,"column":59}},"type":"binary-expr","locations":[{"start":{"line":120,"column":8},"end":{"line":120,"column":27}},{"start":{"line":120,"column":31},"end":{"line":120,"column":59}}]},"11":{"loc":{"start":{"line":138,"column":44},"end":{"line":138,"column":88}},"type":"cond-expr","locations":[{"start":{"line":138,"column":77},"end":{"line":138,"column":79}},{"start":{"line":138,"column":77},"end":{"line":138,"column":88}}]},"12":{"loc":{"start":{"line":138,"column":44},"end":{"line":138,"column":79}},"type":"binary-expr","locations":[{"start":{"line":138,"column":44},"end":{"line":138,"column":79}},{"start":{"line":138,"column":77},"end":{"line":138,"column":79}}]},"13":{"loc":{"start":{"line":139,"column":4},"end":{"line":143,"column":null}},"type":"if","locations":[{"start":{"line":139,"column":4},"end":{"line":143,"column":null}}]},"14":{"loc":{"start":{"line":140,"column":6},"end":{"line":142,"column":null}},"type":"if","locations":[{"start":{"line":140,"column":6},"end":{"line":142,"column":null}}]},"15":{"loc":{"start":{"line":163,"column":4},"end":{"line":165,"column":null}},"type":"if","locations":[{"start":{"line":163,"column":4},"end":{"line":165,"column":null}}]},"16":{"loc":{"start":{"line":169,"column":26},"end":{"line":169,"column":70}},"type":"cond-expr","locations":[{"start":{"line":169,"column":59},"end":{"line":169,"column":61}},{"start":{"line":169,"column":59},"end":{"line":169,"column":70}}]},"17":{"loc":{"start":{"line":169,"column":26},"end":{"line":169,"column":61}},"type":"binary-expr","locations":[{"start":{"line":169,"column":26},"end":{"line":169,"column":61}},{"start":{"line":169,"column":59},"end":{"line":169,"column":61}}]},"18":{"loc":{"start":{"line":196,"column":4},"end":{"line":198,"column":null}},"type":"if","locations":[{"start":{"line":196,"column":4},"end":{"line":198,"column":null}}]},"19":{"loc":{"start":{"line":201,"column":4},"end":{"line":203,"column":null}},"type":"if","locations":[{"start":{"line":201,"column":4},"end":{"line":203,"column":null}}]},"20":{"loc":{"start":{"line":215,"column":4},"end":{"line":217,"column":null}},"type":"if","locations":[{"start":{"line":215,"column":4},"end":{"line":217,"column":null}}]},"21":{"loc":{"start":{"line":233,"column":26},"end":{"line":233,"column":70}},"type":"cond-expr","locations":[{"start":{"line":233,"column":59},"end":{"line":233,"column":61}},{"start":{"line":233,"column":59},"end":{"line":233,"column":70}}]},"22":{"loc":{"start":{"line":233,"column":26},"end":{"line":233,"column":61}},"type":"binary-expr","locations":[{"start":{"line":233,"column":26},"end":{"line":233,"column":61}},{"start":{"line":233,"column":59},"end":{"line":233,"column":61}}]},"23":{"loc":{"start":{"line":250,"column":4},"end":{"line":252,"column":null}},"type":"if","locations":[{"start":{"line":250,"column":4},"end":{"line":252,"column":null}}]},"24":{"loc":{"start":{"line":250,"column":8},"end":{"line":250,"column":47}},"type":"binary-expr","locations":[{"start":{"line":250,"column":8},"end":{"line":250,"column":20}},{"start":{"line":250,"column":24},"end":{"line":250,"column":47}}]},"25":{"loc":{"start":{"line":255,"column":26},"end":{"line":255,"column":70}},"type":"cond-expr","locations":[{"start":{"line":255,"column":59},"end":{"line":255,"column":61}},{"start":{"line":255,"column":59},"end":{"line":255,"column":70}}]},"26":{"loc":{"start":{"line":255,"column":26},"end":{"line":255,"column":61}},"type":"binary-expr","locations":[{"start":{"line":255,"column":26},"end":{"line":255,"column":61}},{"start":{"line":255,"column":59},"end":{"line":255,"column":61}}]},"27":{"loc":{"start":{"line":258,"column":4},"end":{"line":262,"column":null}},"type":"if","locations":[{"start":{"line":258,"column":4},"end":{"line":262,"column":null}}]},"28":{"loc":{"start":{"line":328,"column":4},"end":{"line":330,"column":null}},"type":"if","locations":[{"start":{"line":328,"column":4},"end":{"line":330,"column":null}}]}},"s":{"0":2,"1":2,"2":2,"3":2,"4":2,"5":222,"6":222,"7":222,"8":222,"9":222,"10":222,"11":222,"12":222,"13":222,"14":52,"15":14,"16":14,"17":11,"18":14,"19":52,"20":52,"21":52,"22":52,"23":52,"24":52,"25":40,"26":40,"27":28,"28":40,"29":1,"30":39,"31":39,"32":4,"33":35,"34":35,"35":35,"36":35,"37":15,"38":15,"39":15,"40":2,"41":15,"42":57,"43":57,"44":6,"45":51,"46":51,"47":51,"48":51,"49":51,"50":51,"51":17,"52":17,"53":1,"54":16,"55":1,"56":15,"57":15,"58":15,"59":15,"60":12,"61":2,"62":2,"63":2,"64":2,"65":2,"66":2,"67":2,"68":2,"69":2,"70":1,"71":1,"72":1,"73":1,"74":1,"75":1,"76":1,"77":1,"78":49,"79":49,"80":49,"81":49,"82":49,"83":41,"84":41,"85":41,"86":41,"87":1,"88":1,"89":30,"90":30,"91":1,"92":30,"93":30,"94":30,"95":30,"96":30,"97":30,"98":30,"99":49,"100":194,"101":194,"102":194,"103":194,"104":194,"105":194,"106":194,"107":2,"108":2},"f":{"0":222,"1":52,"2":40,"3":15,"4":57,"5":17,"6":2,"7":2,"8":49,"9":41,"10":1,"11":30,"12":49,"13":194,"14":194},"b":{"0":[14],"1":[11],"2":[14,14],"3":[52],"4":[28],"5":[17,23],"6":[40,40],"7":[1],"8":[40,5],"9":[4],"10":[39,4],"11":[0,15],"12":[15,15],"13":[15],"14":[2],"15":[6],"16":[0,51],"17":[51,51],"18":[1],"19":[1],"20":[12],"21":[0,2],"22":[2,2],"23":[1],"24":[2,1],"25":[0,1],"26":[1,1],"27":[1],"28":[1]}}
}
