TN:
SF:src/Engine/CalculationManager.ts
FN:27,(anonymous_1)
FN:67,(anonymous_2)
FN:84,checkForIfCircular
FN:123,(anonymous_4)
FN:155,(anonymous_5)
FN:179,visit
FNF:6
FNH:6
FNDA:54,(anonymous_1)
FNDA:22,(anonymous_2)
FNDA:24,checkForIfCircular
FNDA:62,(anonymous_4)
FNDA:57,(anonymous_5)
FNDA:100,visit
DA:13,3
DA:14,3
DA:15,3
DA:19,3
DA:29,54
DA:32,54
DA:35,54
DA:38,54
DA:39,846
DA:40,846
DA:42,846
DA:44,846
DA:45,846
DA:48,846
DA:49,846
DA:50,846
DA:69,22
DA:73,22
DA:74,22
DA:76,22
DA:80,22
DA:81,2
DA:85,24
DA:86,5
DA:89,19
DA:90,4
DA:91,4
DA:92,4
DA:93,4
DA:94,3
DA:98,16
DA:102,20
DA:103,20
DA:104,20
DA:105,20
DA:106,20
DA:107,5
DA:110,15
DA:124,62
DA:125,223
DA:126,929
DA:128,929
DA:129,929
DA:132,929
DA:133,929
DA:136,929
DA:156,57
DA:157,57
DA:158,57
DA:162,57
DA:163,207
DA:164,873
DA:165,873
DA:167,873
DA:168,832
DA:171,41
DA:177,57
DA:180,100
DA:181,100
DA:183,100
DA:184,101
DA:185,101
DA:186,59
DA:191,100
DA:192,41
DA:196,57
DA:197,41
DA:198,41
DA:200,57
LF:69
LH:69
BRDA:80,0,0,2
BRDA:85,1,0,5
BRDA:93,2,0,3
BRDA:106,3,0,5
BRDA:167,4,0,832
BRDA:167,4,1,41
BRDA:185,5,0,59
BRDA:191,6,0,41
BRF:8
BRH:8
end_of_record
TN:
SF:src/Engine/Cell.ts
FN:44,(anonymous_0)
FN:69,(anonymous_1)
FN:79,(anonymous_2)
FN:87,(anonymous_3)
FN:95,(anonymous_4)
FN:105,(anonymous_5)
FN:115,(anonymous_6)
FN:124,(anonymous_7)
FN:145,(anonymous_8)
FN:155,(anonymous_9)
FN:164,(anonymous_10)
FN:175,(anonymous_11)
FN:187,(anonymous_12)
FN:197,(anonymous_13)
FN:213,(anonymous_14)
FN:218,(anonymous_15)
FN:233,(anonymous_16)
FN:258,(anonymous_17)
FN:268,(anonymous_18)
FN:293,(anonymous_19)
FNF:20
FNH:20
FNDA:3190,(anonymous_0)
FNDA:2253,(anonymous_1)
FNDA:984,(anonymous_2)
FNDA:1765,(anonymous_3)
FNDA:369,(anonymous_4)
FNDA:362,(anonymous_5)
FNDA:1766,(anonymous_6)
FNDA:57,(anonymous_7)
FNDA:5,(anonymous_8)
FNDA:2258,(anonymous_9)
FNDA:5,(anonymous_10)
FNDA:2,(anonymous_11)
FNDA:1048,(anonymous_12)
FNDA:950,(anonymous_13)
FNDA:257,(anonymous_14)
FNDA:5733,(anonymous_15)
FNDA:4391,(anonymous_16)
FNDA:4391,(anonymous_17)
FNDA:5734,(anonymous_18)
FNDA:4391,(anonymous_19)
DA:10,9
DA:11,9
DA:17,3190
DA:21,3190
DA:24,3190
DA:27,3190
DA:30,3190
DA:33,3190
DA:45,3190
DA:47,1
DA:48,1
DA:49,1
DA:50,1
DA:51,1
DA:55,3189
DA:56,3189
DA:57,3189
DA:58,3189
DA:59,3189
DA:70,2253
DA:80,984
DA:88,1765
DA:96,369
DA:106,362
DA:116,1766
DA:126,57
DA:127,22
DA:131,35
DA:132,16
DA:137,19
DA:146,5
DA:156,2258
DA:166,5
DA:167,4
DA:176,2
DA:177,2
DA:178,1
DA:188,1048
DA:198,950
DA:214,257
DA:215,257
DA:219,5733
DA:220,5733
DA:221,5733
DA:222,5733
DA:224,5733
DA:240,4391
DA:241,4391
DA:242,4391
DA:243,4391
DA:244,4391
DA:245,4391
DA:247,4391
DA:259,4391
DA:274,5734
DA:275,5734
DA:277,5734
DA:278,1
DA:280,5733
DA:281,5733
DA:283,5733
DA:299,4391
DA:306,4391
DA:308,4391
DA:309,4391
DA:315,9
LF:66
LH:66
BRDA:45,0,0,1
BRDA:45,0,1,3189
BRDA:126,1,0,22
BRDA:126,2,0,57
BRDA:126,2,1,22
BRDA:131,3,0,16
BRDA:166,4,0,4
BRDA:177,5,0,1
BRDA:277,6,0,1
BRF:9
BRH:9
end_of_record
TN:
SF:src/Engine/ContributingUser.ts
FN:13,(anonymous_0)
FN:18,(anonymous_1)
FN:22,(anonymous_2)
FN:26,(anonymous_3)
FN:30,(anonymous_4)
FN:34,(anonymous_5)
FNF:6
FNH:6
FNDA:55,(anonymous_0)
FNDA:106,(anonymous_1)
FNDA:88,(anonymous_2)
FNDA:1,(anonymous_3)
FNDA:299,(anonymous_4)
FNDA:259,(anonymous_5)
DA:6,3
DA:8,3
DA:11,55
DA:14,55
DA:15,55
DA:19,106
DA:23,88
DA:27,1
DA:31,299
DA:35,259
LF:10
LH:10
BRF:0
BRH:0
end_of_record
TN:
SF:src/Engine/DocumentHolder.ts
FN:36,(anonymous_6)
FN:46,(anonymous_7)
FN:55,(anonymous_8)
FN:58,(anonymous_9)
FN:65,(anonymous_10)
FN:67,(anonymous_11)
FN:81,(anonymous_12)
FN:84,(anonymous_13)
FN:101,(anonymous_14)
FN:121,(anonymous_15)
FN:127,(anonymous_16)
FN:139,(anonymous_17)
FN:150,(anonymous_18)
FN:157,(anonymous_19)
FN:163,(anonymous_20)
FN:175,(anonymous_21)
FN:186,(anonymous_22)
FN:197,(anonymous_23)
FN:208,(anonymous_24)
FN:216,(anonymous_25)
FN:224,(anonymous_26)
FNF:21
FNH:21
FNDA:23,(anonymous_6)
FNDA:23,(anonymous_7)
FNDA:1,(anonymous_8)
FNDA:4,(anonymous_9)
FNDA:23,(anonymous_10)
FNDA:193,(anonymous_11)
FNDA:1,(anonymous_12)
FNDA:4,(anonymous_13)
FNDA:49,(anonymous_14)
FNDA:1,(anonymous_15)
FNDA:21,(anonymous_16)
FNDA:30,(anonymous_17)
FNDA:23,(anonymous_18)
FNDA:23,(anonymous_19)
FNDA:16,(anonymous_20)
FNDA:10,(anonymous_21)
FNDA:1,(anonymous_22)
FNDA:2,(anonymous_23)
FNDA:4,(anonymous_24)
FNDA:3,(anonymous_25)
FNDA:1,(anonymous_26)
DA:25,1
DA:26,1
DA:27,1
DA:30,1
DA:37,23
DA:39,23
DA:41,23
DA:42,23
DA:43,23
DA:47,23
DA:48,1
DA:56,1
DA:58,1
DA:59,4
DA:60,2
DA:66,23
DA:67,23
DA:69,193
DA:70,193
DA:73,193
DA:75,193
DA:82,1
DA:84,1
DA:85,4
DA:86,1
DA:87,1
DA:90,1
DA:92,1
DA:102,49
DA:103,49
DA:104,49
DA:105,49
DA:106,49
DA:122,1
DA:123,1
DA:124,1
DA:128,21
DA:129,1
DA:131,20
DA:132,20
DA:133,20
DA:135,20
DA:136,20
DA:140,30
DA:143,30
DA:145,30
DA:146,30
DA:151,23
DA:153,23
DA:154,23
DA:158,23
DA:160,23
DA:164,16
DA:166,16
DA:167,16
DA:169,16
DA:170,16
DA:176,10
DA:178,10
DA:179,10
DA:181,10
DA:182,10
DA:187,1
DA:189,1
DA:190,1
DA:192,1
DA:193,1
DA:198,2
DA:200,2
DA:201,2
DA:203,2
DA:204,2
DA:209,4
DA:211,4
DA:212,4
DA:217,3
DA:219,3
DA:220,3
DA:225,1
DA:227,1
DA:228,1
LF:81
LH:81
BRDA:36,0,0,0
BRDA:47,1,0,1
BRDA:59,2,0,2
BRDA:85,3,0,1
BRDA:103,4,0,49
BRDA:128,5,0,1
BRF:6
BRH:5
end_of_record
TN:
SF:src/Engine/FormulaBuilder.ts
FN:22,(anonymous_1)
FN:32,(anonymous_2)
FN:39,(anonymous_3)
FN:56,(anonymous_4)
FN:116,(anonymous_5)
FN:146,(anonymous_6)
FN:166,(anonymous_7)
FNF:7
FNH:7
FNDA:296,(anonymous_1)
FNDA:70,(anonymous_2)
FNDA:118,(anonymous_3)
FNDA:58,(anonymous_4)
FNDA:8,(anonymous_5)
FNDA:52,(anonymous_6)
FNDA:934,(anonymous_7)
DA:15,5
DA:17,5
DA:20,296
DA:23,296
DA:33,70
DA:41,118
DA:57,58
DA:58,58
DA:60,58
DA:61,24
DA:62,24
DA:66,34
DA:69,34
DA:70,4
DA:71,4
DA:75,34
DA:76,1
DA:82,34
DA:83,1
DA:84,1
DA:89,34
DA:90,2
DA:91,2
DA:97,34
DA:98,6
DA:100,28
DA:101,26
DA:118,8
DA:119,1
DA:123,7
DA:126,7
DA:127,2
DA:128,2
DA:132,5
DA:148,52
DA:150,52
DA:151,93
DA:154,52
DA:155,44
DA:157,52
DA:167,934
DA:168,934
DA:169,224
DA:173,224
DA:174,67
DA:178,934
DA:183,5
LF:47
LH:47
BRDA:60,0,0,24
BRDA:69,1,0,4
BRDA:69,2,0,34
BRDA:69,2,1,19
BRDA:75,3,0,1
BRDA:75,4,0,34
BRDA:75,4,1,15
BRDA:82,5,0,1
BRDA:82,6,0,34
BRDA:82,6,1,19
BRDA:82,6,2,3
BRDA:89,7,0,2
BRDA:89,8,0,34
BRDA:89,8,1,19
BRDA:89,8,2,3
BRDA:97,9,0,6
BRDA:97,9,1,28
BRDA:100,10,0,26
BRDA:100,10,1,2
BRDA:118,11,0,1
BRDA:126,12,0,2
BRDA:126,12,1,5
BRDA:126,13,0,7
BRDA:126,13,1,3
BRDA:154,14,0,44
BRDA:173,15,0,67
BRDA:173,16,0,224
BRDA:173,16,1,69
BRF:28
BRH:28
end_of_record
TN:
SF:src/Engine/FormulaEvaluator.ts
FN:17,(anonymous_1)
FN:54,(anonymous_2)
FN:94,(anonymous_3)
FN:98,(anonymous_4)
FN:107,(anonymous_5)
FN:129,(anonymous_6)
FN:158,(anonymous_7)
FN:210,(anonymous_8)
FN:220,(anonymous_9)
FN:233,(anonymous_10)
FNF:10
FNH:10
FNDA:295,(anonymous_1)
FNDA:865,(anonymous_2)
FNDA:865,(anonymous_3)
FNDA:865,(anonymous_4)
FNDA:93,(anonymous_5)
FNDA:154,(anonymous_6)
FNDA:159,(anonymous_7)
FNDA:138,(anonymous_8)
FNDA:31,(anonymous_9)
FNDA:29,(anonymous_10)
DA:1,4
DA:3,4
DA:7,4
DA:9,295
DA:10,295
DA:11,295
DA:12,295
DA:14,295
DA:18,295
DA:60,865
DA:62,865
DA:65,865
DA:66,774
DA:67,774
DA:68,774
DA:71,91
DA:74,91
DA:77,91
DA:78,91
DA:82,91
DA:83,1
DA:84,1
DA:88,91
DA:89,38
DA:95,865
DA:99,865
DA:108,93
DA:109,93
DA:110,61
DA:111,61
DA:112,61
DA:113,59
DA:116,2
DA:120,93
DA:121,93
DA:130,154
DA:131,154
DA:132,5
DA:133,5
DA:134,5
DA:135,2
DA:138,3
DA:139,1
DA:140,1
DA:141,1
DA:142,1
DA:145,2
DA:149,153
DA:150,153
DA:159,159
DA:163,159
DA:164,21
DA:165,21
DA:166,21
DA:170,138
DA:174,138
DA:175,105
DA:176,105
DA:179,33
DA:180,2
DA:181,2
DA:182,1
DA:183,1
DA:184,1
DA:188,31
DA:189,29
DA:192,29
DA:193,15
DA:194,15
DA:199,2
DA:200,2
DA:202,138
DA:211,138
DA:222,31
DA:235,29
DA:236,29
DA:237,29
DA:240,29
DA:241,3
DA:245,26
DA:246,12
DA:250,14
DA:251,14
DA:258,4
LF:84
LH:84
BRDA:65,0,0,774
BRDA:82,1,0,1
BRDA:82,2,0,91
BRDA:82,2,1,1
BRDA:88,3,0,38
BRDA:109,4,0,154
BRDA:109,4,1,63
BRDA:109,4,2,4
BRDA:112,5,0,59
BRDA:112,5,1,2
BRDA:131,6,0,158
BRDA:131,6,1,68
BRDA:131,6,2,66
BRDA:134,7,0,2
BRDA:134,7,1,3
BRDA:138,8,0,1
BRDA:163,9,0,21
BRDA:174,10,0,105
BRDA:174,10,1,33
BRDA:179,11,0,2
BRDA:179,11,1,31
BRDA:181,12,0,1
BRDA:181,13,0,2
BRDA:181,13,1,1
BRDA:188,14,0,29
BRDA:188,14,1,2
BRDA:192,15,0,15
BRDA:240,16,0,3
BRDA:240,17,0,29
BRDA:240,17,1,15
BRDA:245,18,0,12
BRF:31
BRH:31
end_of_record
TN:
SF:src/Engine/GlobalDefinitions.ts
FNF:0
FNH:0
DA:2,9
DA:14,9
LF:2
LH:2
BRF:0
BRH:0
end_of_record
TN:
SF:src/Engine/SheetMemory.ts
FN:39,(anonymous_1)
FN:61,(anonymous_2)
FN:71,(anonymous_3)
FN:80,(anonymous_4)
FN:91,(anonymous_5)
FN:102,(anonymous_6)
FN:112,(anonymous_7)
FN:123,(anonymous_8)
FN:139,(anonymous_9)
FN:151,(anonymous_10)
FN:162,(anonymous_11)
FN:172,(anonymous_12)
FN:185,(anonymous_13)
FN:203,(anonymous_14)
FN:227,(anonymous_15)
FN:233,(anonymous_16)
FN:263,(anonymous_17)
FNF:17
FNH:17
FNDA:275,(anonymous_1)
FNDA:2235,(anonymous_2)
FNDA:552,(anonymous_3)
FNDA:2,(anonymous_4)
FNDA:105,(anonymous_5)
FNDA:9,(anonymous_6)
FNDA:105,(anonymous_7)
FNDA:7,(anonymous_8)
FNDA:3072,(anonymous_9)
FNDA:2651,(anonymous_10)
FNDA:1,(anonymous_11)
FNDA:1,(anonymous_12)
FNDA:1,(anonymous_13)
FNDA:80,(anonymous_14)
FNDA:49,(anonymous_15)
FNDA:196,(anonymous_16)
FNDA:1,(anonymous_17)
DA:28,5
DA:30,5
DA:33,275
DA:35,275
DA:36,275
DA:41,275
DA:42,275
DA:44,275
DA:45,275
DA:46,711
DA:47,711
DA:48,2256
DA:49,2256
DA:50,2256
DA:62,2235
DA:72,552
DA:81,2
DA:92,105
DA:93,105
DA:103,9
DA:104,9
DA:114,105
DA:124,7
DA:140,3072
DA:142,3072
DA:152,2651
DA:153,2651
DA:163,1
DA:173,1
DA:174,1
DA:186,1
DA:187,1
DA:188,3
DA:189,3
DA:190,9
DA:192,9
DA:197,1
DA:204,80
DA:210,80
DA:211,162
DA:212,332
DA:213,332
DA:215,332
DA:220,332
DA:224,80
DA:228,49
DA:229,49
DA:230,49
DA:234,196
DA:235,196
DA:236,196
DA:237,196
DA:238,1
DA:241,195
DA:242,816
DA:243,816
DA:244,816
DA:245,816
DA:246,816
DA:247,816
DA:248,816
DA:249,816
DA:250,816
DA:252,816
DA:264,1
DA:265,1
DA:266,1
DA:267,1
DA:269,1
DA:270,4
DA:271,4
DA:272,4
DA:273,4
DA:274,4
DA:275,4
DA:276,4
DA:277,4
DA:278,4
DA:280,4
DA:284,1
DA:294,5
LF:81
LH:81
BRDA:237,0,0,1
BRDA:237,1,0,196
BRDA:237,1,1,196
BRDA:242,2,0,816
BRDA:270,3,0,4
BRF:5
BRH:5
end_of_record
TN:
SF:src/Engine/SpreadSheetController.ts
FN:70,(anonymous_1)
FN:78,(anonymous_2)
FN:103,(anonymous_3)
FN:136,(anonymous_4)
FN:160,(anonymous_5)
FN:190,(anonymous_6)
FN:229,(anonymous_7)
FN:247,(anonymous_8)
FN:276,(anonymous_9)
FN:294,(anonymous_10)
FN:310,(anonymous_11)
FN:323,(anonymous_12)
FN:340,(anonymous_13)
FN:344,(anonymous_14)
FN:348,(anonymous_15)
FNF:15
FNH:15
FNDA:222,(anonymous_1)
FNDA:52,(anonymous_2)
FNDA:40,(anonymous_3)
FNDA:15,(anonymous_4)
FNDA:57,(anonymous_5)
FNDA:17,(anonymous_6)
FNDA:2,(anonymous_7)
FNDA:2,(anonymous_8)
FNDA:49,(anonymous_9)
FNDA:41,(anonymous_10)
FNDA:1,(anonymous_11)
FNDA:30,(anonymous_12)
FNDA:49,(anonymous_13)
FNDA:194,(anonymous_14)
FNDA:194,(anonymous_15)
DA:1,2
DA:2,2
DA:3,2
DA:4,2
DA:6,2
DA:30,2
DA:38,222
DA:39,222
DA:43,222
DA:44,222
DA:71,222
DA:72,222
DA:73,222
DA:74,222
DA:75,222
DA:83,52
DA:84,14
DA:85,14
DA:86,11
DA:88,14
DA:92,52
DA:93,52
DA:94,52
DA:95,52
DA:96,52
DA:97,52
DA:106,40
DA:109,40
DA:110,28
DA:114,40
DA:115,1
DA:119,39
DA:120,39
DA:121,4
DA:125,35
DA:126,35
DA:129,35
DA:131,35
DA:138,15
DA:139,15
DA:140,15
DA:141,2
DA:146,15
DA:162,57
DA:163,57
DA:164,6
DA:168,51
DA:169,51
DA:172,51
DA:173,51
DA:174,51
DA:176,51
DA:193,17
DA:196,17
DA:197,1
DA:201,16
DA:202,1
DA:206,15
DA:207,15
DA:211,15
DA:215,15
DA:216,12
DA:230,2
DA:232,2
DA:233,2
DA:235,2
DA:236,2
DA:237,2
DA:239,2
DA:249,2
DA:250,2
DA:251,1
DA:254,1
DA:255,1
DA:258,1
DA:259,1
DA:260,1
DA:261,1
DA:263,1
DA:277,49
DA:280,49
DA:282,49
DA:283,49
DA:284,49
DA:295,41
DA:297,41
DA:298,41
DA:300,41
DA:311,1
DA:313,1
DA:325,30
DA:328,30
DA:329,1
DA:331,30
DA:332,30
DA:333,30
DA:334,30
DA:335,30
DA:336,30
DA:337,30
DA:341,49
DA:345,194
DA:349,194
DA:350,194
DA:351,194
DA:352,194
DA:353,194
DA:355,194
DA:359,2
LF:109
LH:109
BRDA:83,0,0,14
BRDA:85,1,0,11
BRDA:85,2,0,14
BRDA:85,2,1,14
BRDA:92,3,0,52
BRDA:109,4,0,28
BRDA:109,5,0,17
BRDA:109,5,1,23
BRDA:109,6,0,40
BRDA:109,6,1,40
BRDA:114,7,0,1
BRDA:114,8,0,40
BRDA:114,8,1,5
BRDA:120,9,0,4
BRDA:120,10,0,39
BRDA:120,10,1,4
BRDA:138,11,0,0
BRDA:138,11,1,15
BRDA:138,12,0,15
BRDA:138,12,1,15
BRDA:139,13,0,15
BRDA:140,14,0,2
BRDA:163,15,0,6
BRDA:169,16,0,0
BRDA:169,16,1,51
BRDA:169,17,0,51
BRDA:169,17,1,51
BRDA:196,18,0,1
BRDA:201,19,0,1
BRDA:215,20,0,12
BRDA:233,21,0,0
BRDA:233,21,1,2
BRDA:233,22,0,2
BRDA:233,22,1,2
BRDA:250,23,0,1
BRDA:250,24,0,2
BRDA:250,24,1,1
BRDA:255,25,0,0
BRDA:255,25,1,1
BRDA:255,26,0,1
BRDA:255,26,1,1
BRDA:258,27,0,1
BRDA:328,28,0,1
BRF:43
BRH:39
end_of_record
